Hackone Fuzzing
http://testphp.vulnweb.com/javascript:loadSomething('categories.php');
http://www.acunetix.com
http://www.eclectasy.com/Fractal-Explorer/index.html
http://testphp.vulnweb.com/guestbook.php
http://testphp.vulnweb.com/categories.php
http://testphp.vulnweb.com/artists.php
http://testphp.vulnweb.com/disclaimer.php
http://testphp.vulnweb.com/AJAX/index.php
http://testphp.vulnweb.com/login.php
http://testphp.vulnweb.com/index.php
http://testphp.vulnweb.com/privacy.php
http://www.acunetix.com/
http://testphp.vulnweb.com/userinfo.php
http://testphp.vulnweb.com/mailto:wvs@acunetix.com
http://testphp.vulnweb.com/cart.php
http://www.acunetix.com
http://www.eclectasy.com/Fractal-Explorer/index.html
http://testphp.vulnweb.com/guestbook.php
http://testphp.vulnweb.com/categories.php
http://testphp.vulnweb.com/listproducts.php?cat=2
http://testphp.vulnweb.com/signup.php
http://www.acunetix.com
http://testphp.vulnweb.com/artists.php?artist=1
http://www.acunetix.com
http://testphp.vulnweb.com//hpp/
http://www.eclectasy.com/Fractal-Explorer/index.html
http://testphp.vulnweb.com/guestbook.php
http://testphp.vulnweb.com/categories.php
http://testphp.vulnweb.com/artists.php
http://testphp.vulnweb.com/disclaimer.php
http://testphp.vulnweb.com/AJAX/index.php
http://testphp.vulnweb.com/login.php
http://testphp.vulnweb.com/index.php
http://testphp.vulnweb.com//Mod_Rewrite_Shop/
http://testphp.vulnweb.com/privacy.php
http://www.acunetix.com/
http://testphp.vulnweb.com/userinfo.php
http://testphp.vulnweb.com/mailto:wvs@acunetix.com
http://testphp.vulnweb.com/cart.php
http://www.acunetix.com
http://www.eclectasy.com/Fractal-Explorer/index.html
http://testphp.vulnweb.com/guestbook.php
http://testphp.vulnweb.com/categories.php
http://testphp.vulnweb.com/artists.php
http://testphp.vulnweb.com/disclaimer.php
http://testphp.vulnweb.com/AJAX/index.php
http://testphp.vulnweb.com/login.php
http://testphp.vulnweb.com/index.php
http://testphp.vulnweb.com/privacy.php
http://www.acunetix.com/
http://testphp.vulnweb.com/userinfo.php
http://testphp.vulnweb.com/mailto:wvs@acunetix.com
http://testphp.vulnweb.com/cart.php
http://testphp.vulnweb.com/listproducts.php?cat=1
http://testphp.vulnweb.com/listproducts.php?cat=4
http://testphp.vulnweb.com/guestbook.php
http://testphp.vulnweb.com/categories.php
http://www.eclectasy.com/Fractal-Explorer/index.html
http://testphp.vulnweb.com/artists.php?artist=3
http://testphp.vulnweb.com/artists.php
http://testphp.vulnweb.com/disclaimer.php
http://testphp.vulnweb.com/AJAX/index.php
http://testphp.vulnweb.com/login.php
http://testphp.vulnweb.com/index.php
http://testphp.vulnweb.com/privacy.php
http://www.acunetix.com/
http://testphp.vulnweb.com/userinfo.php
http://testphp.vulnweb.com/artists.php?artist=2
http://testphp.vulnweb.com/#
http://testphp.vulnweb.com/mailto:wvs@acunetix.com
http://testphp.vulnweb.com/cart.php
fuzz http://testphp.vulnweb.com/listproducts.php?cat=2
fuzz http://testphp.vulnweb.com/listproducts.php?cat=1
fuzz http://testphp.vulnweb.com/artists.php?artist=1
fuzz http://testphp.vulnweb.com/artists.php?artist=3
http://testphp.vulnweb.com/?pp=12
fuzz http://testphp.vulnweb.com/artists.php?artist=2
http://testphp.vulnweb.com/artists.php
http://testphp.vulnweb.com/disclaimer.php
http://testphp.vulnweb.com/AJAX/index.php
http://testphp.vulnweb.com/listproducts.php?cat=3
fuzz http://testphp.vulnweb.com/listproducts.php?cat=4
http://blog.mindedsecurity.com/2009/05/client-side-http-parameter-pollution.html
fuzz http://testphp.vulnweb.com/?pp=12
http://testphp.vulnweb.com/index.php
http://testphp.vulnweb.com/login.php
http://testphp.vulnweb.com/privacy.php
http://www.acunetix.com/
http://testphp.vulnweb.com/userinfo.php
http://testphp.vulnweb.com/mailto:wvs@acunetix.com
http://testphp.vulnweb.com/cart.php
fuzz http://testphp.vulnweb.com/listproducts.php?cat=3
http://testphp.vulnweb.com/#
http://testphp.vulnweb.com/javascript:loadSomething('artists.php');
http://www.acunetix.com
http://www.eclectasy.com/Fractal-Explorer/index.html
http://testphp.vulnweb.com/guestbook.php
http://testphp.vulnweb.com/categories.php
http://testphp.vulnweb.com/artists.php
http://testphp.vulnweb.com/disclaimer.php
http://testphp.vulnweb.com/AJAX/index.php
http://testphp.vulnweb.com/login.php
http://testphp.vulnweb.com/index.php
http://testphp.vulnweb.com/privacy.php
http://www.acunetix.com/
http://testphp.vulnweb.com/userinfo.php
http://testphp.vulnweb.com/mailto:wvs@acunetix.com
http://testphp.vulnweb.com/cart.php
http://testphp.vulnweb.com/Details/web-camera-a4tech/2/
http://testphp.vulnweb.com/Details/network-attached-storage-dlink/1/
http://testphp.vulnweb.com/Details/color-printer/3/
http://testasp.vulnweb.com/./Login.asp?RetURL=%2FDefault%2Easp%3F
http://testasp.vulnweb.com/Templatize.asp?item=html/about.html
http://testasp.vulnweb.com/Default.asp
http://testasp.vulnweb.com/Search.asp
http://www.acunetix.com/
http://testasp.vulnweb.com/./Register.asp?RetURL=%2FDefault%2Easp%3F
http://testasp.vulnweb.com/Templatize.asp?item=html/about.html
http://testasp.vulnweb.com/Default.asp
http://testasp.vulnweb.com/Search.asp
http://testasp.vulnweb.com/./Register.asp?RetURL=%2FTemplatize%2Easp%3Fitem%3Dhtml%2Fabout%2Ehtml
http://www.acunetix.com
http://www.eclectasy.com/Fractal-Explorer/index.html
http://testphp.vulnweb.com/guestbook.php
http://testphp.vulnweb.com/categories.php
http://testphp.vulnweb.com/artists.php
http://testphp.vulnweb.com/disclaimer.php
http://testphp.vulnweb.com/AJAX/index.php
http://testphp.vulnweb.com/login.php
http://testphp.vulnweb.com/index.php
http://testphp.vulnweb.com/privacy.php
http://www.acunetix.com/
http://testphp.vulnweb.com/userinfo.php
http://testphp.vulnweb.com/mailto:wvs@acunetix.com
http://testphp.vulnweb.com/cart.php
http://testasp.vulnweb.com/./Login.asp?RetURL=%2FTemplatize%2Easp%3Fitem%3Dhtml%2Fabout%2Ehtml
fuzz http://testasp.vulnweb.com/./Register.asp?RetURL=/Templatize.asp?item=html/about.html
http://www.acunetix.com/
http://www.acunetix.com/company/contact.htm
fuzz http://testasp.vulnweb.com/./Login.asp?RetURL=/Templatize.asp?item=html/about.html
SQLi ==> http://testphp.vulnweb.com/artists.php?artist=<xi4okv>
XSS ==> http://testphp.vulnweb.com/listproducts.php?cat=<xi4okv>
SQLi ==> http://testphp.vulnweb.com/listproducts.php?cat=<xi4okv>
XSS ==> http://testphp.vulnweb.com/listproducts.php?cat=<xi4okv>
SQLi ==> http://testphp.vulnweb.com/listproducts.php?cat=<xi4okv>
SQLi ==> http://testphp.vulnweb.com/artists.php?artist=<xi4okv>
XSS ==> http://testphp.vulnweb.com/listproducts.php?cat=<xi4okv>
SQLi ==> http://testphp.vulnweb.com/listproducts.php?cat=<xi4okv>
SQLi ==> http://testphp.vulnweb.com/artists.php?artist=<xi4okv>
http://testasp.vulnweb.com/Templatize.asp?item=html/about.html
http://testasp.vulnweb.com/Default.asp
http://testasp.vulnweb.com/Search.asp
http://testasp.vulnweb.com/./Register.asp?RetURL=%2FSearch%2Easp%3F
http://testphp.vulnweb.com/signup.php
http://www.acunetix.com
http://www.eclectasy.com/Fractal-Explorer/index.html
http://testphp.vulnweb.com/guestbook.php
http://testphp.vulnweb.com/categories.php
http://testphp.vulnweb.com/artists.php
http://testphp.vulnweb.com/disclaimer.php
http://testphp.vulnweb.com/AJAX/index.php
http://testphp.vulnweb.com/login.php
http://testphp.vulnweb.com/index.php
http://testphp.vulnweb.com/privacy.php
http://www.acunetix.com/
http://testphp.vulnweb.com/userinfo.php
http://testphp.vulnweb.com/mailto:wvs@acunetix.com
http://testphp.vulnweb.com/cart.php
http://www.acunetix.com/
http://testasp.vulnweb.com/./Login.asp?RetURL=%2FSearch%2Easp%3F
fuzz http://testasp.vulnweb.com/./Register.asp?RetURL=/Search.asp?
fuzz http://testasp.vulnweb.com/./Login.asp?RetURL=/Search.asp?
http://testasp.vulnweb.com/./Login.asp?RetURL=%2FDefault%2Easp%3F
http://testasp.vulnweb.com/Templatize.asp?item=html/about.html
http://testasp.vulnweb.com/Default.asp
http://testasp.vulnweb.com/Search.asp
http://www.acunetix.com/
http://testasp.vulnweb.com/./Register.asp?RetURL=%2FDefault%2Easp%3F
SQLi ==> http://testphp.vulnweb.com/listproducts.php?cat=javascript::alert`1`
SQLi ==> http://testphp.vulnweb.com/artists.php?artist=javascript::alert`1`
SQLi ==> http://testphp.vulnweb.com/listproducts.php?cat=javascript::alert`1`
http://testasp.vulnweb.com/./Login.asp?RetURL=%2FDefault%2Easp%3F
http://testasp.vulnweb.com/Templatize.asp?item=html/about.html
http://testasp.vulnweb.com/showforum.asp?id=1
http://testasp.vulnweb.com/Default.asp
http://testasp.vulnweb.com/Search.asp
http://testasp.vulnweb.com/showforum.asp?id=2
http://testasp.vulnweb.com/showforum.asp?id=0
http://www.acunetix.com/
http://testasp.vulnweb.com/./Register.asp?RetURL=%2FDefault%2Easp%3F
SQLi ==> http://testphp.vulnweb.com/artists.php?artist=javascript::alert`1`
SQLi ==> http://testphp.vulnweb.com/listproducts.php?cat=javascript::alert`1`
SQLi ==> http://testphp.vulnweb.com/artists.php?artist=javascript::alert`1`
http://testasp.vulnweb.com/showthread.asp?id=10
http://testasp.vulnweb.com/showthread.asp?id=0
fuzz http://testasp.vulnweb.com/showthread.asp?id=10
http://testasp.vulnweb.com/showthread.asp?id=6
fuzz http://testasp.vulnweb.com/showthread.asp?id=0
http://testasp.vulnweb.com/./Register.asp?RetURL=%2Fshowforum%2Easp%3Fid%3D1
fuzz http://testasp.vulnweb.com/showthread.asp?id=6
http://testasp.vulnweb.com/showthread.asp?id=4
fuzz http://testasp.vulnweb.com/./Register.asp?RetURL=/showforum.asp?id=1
http://testasp.vulnweb.com/Templatize.asp?item=html/about.html
http://testasp.vulnweb.com/Default.asp
http://testasp.vulnweb.com/./Login.asp?RetURL=%2Fshowforum%2Easp%3Fid%3D1
http://testasp.vulnweb.com/Search.asp
http://testasp.vulnweb.com/showthread.asp?id=1
http://testasp.vulnweb.com/showthread.asp?id=3
fuzz http://testasp.vulnweb.com/showthread.asp?id=4
fuzz http://testasp.vulnweb.com/./Login.asp?RetURL=/showforum.asp?id=1
fuzz http://testasp.vulnweb.com/showthread.asp?id=1
http://testasp.vulnweb.com/showthread.asp?id=8
http://www.acunetix.com/
http://testasp.vulnweb.com/showthread.asp?id=9
http://testasp.vulnweb.com/showthread.asp?id=2
http://testasp.vulnweb.com/showthread.asp?id=7
http://testasp.vulnweb.com/showthread.asp?id=5
fuzz http://testasp.vulnweb.com/showthread.asp?id=3
fuzz http://testasp.vulnweb.com/showthread.asp?id=8
fuzz http://testasp.vulnweb.com/showthread.asp?id=9
fuzz http://testasp.vulnweb.com/showthread.asp?id=2
fuzz http://testasp.vulnweb.com/showthread.asp?id=7
fuzz http://testasp.vulnweb.com/showthread.asp?id=5
http://testasp.vulnweb.com/showthread.asp?id=10
http://testasp.vulnweb.com/showthread.asp?id=0
http://testasp.vulnweb.com/Search.asp
http://testasp.vulnweb.com/showthread.asp?id=13
http://testasp.vulnweb.com/showthread.asp?id=11
http://testasp.vulnweb.com/showthread.asp?id=7
http://testasp.vulnweb.com/./Login.asp?RetURL=%2Fshowforum%2Easp%3Fid%3D0
http://testasp.vulnweb.com/showthread.asp?id=8
http://testasp.vulnweb.com/showthread.asp?id=1
http://testasp.vulnweb.com/showthread.asp?id=4
http://testasp.vulnweb.com/Templatize.asp?item=html/about.html
http://testasp.vulnweb.com/showthread.asp?id=16
fuzz http://testasp.vulnweb.com/showthread.asp?id=13
fuzz http://testasp.vulnweb.com/showthread.asp?id=11
fuzz http://testasp.vulnweb.com/./Login.asp?RetURL=/showforum.asp?id=0
http://testasp.vulnweb.com/showthread.asp?id=17
http://testasp.vulnweb.com/./Register.asp?RetURL=%2Fshowforum%2Easp%3Fid%3D0
http://www.acunetix.com/
http://testasp.vulnweb.com/showthread.asp?id=12
http://testasp.vulnweb.com/showthread.asp?id=9
http://testasp.vulnweb.com/showthread.asp?id=2
http://testasp.vulnweb.com/showthread.asp?id=15
fuzz http://testasp.vulnweb.com/showthread.asp?id=16
fuzz http://testasp.vulnweb.com/showthread.asp?id=17
fuzz http://testasp.vulnweb.com/./Register.asp?RetURL=/showforum.asp?id=0
fuzz http://testasp.vulnweb.com/showthread.asp?id=12
XSS ==> http://testphp.vulnweb.com/listproducts.php?cat=<xi4okv>
SQLi ==> http://testphp.vulnweb.com/listproducts.php?cat=<xi4okv>
http://testasp.vulnweb.com/showthread.asp?id=10
http://testasp.vulnweb.com/showthread.asp?id=0
http://testasp.vulnweb.com/Search.asp
http://testasp.vulnweb.com/showthread.asp?id=13
http://testasp.vulnweb.com/showthread.asp?id=11
http://testasp.vulnweb.com/showthread.asp?id=7
http://testasp.vulnweb.com/showthread.asp?id=8
http://testasp.vulnweb.com/showthread.asp?id=1
http://testasp.vulnweb.com/./Login.asp?RetURL=%2Fshowforum%2Easp%3Fid%3D2
http://testasp.vulnweb.com/showthread.asp?id=21
fuzz http://testasp.vulnweb.com/./Login.asp?RetURL=/showforum.asp?id=2
http://testasp.vulnweb.com/showthread.asp?id=6
http://testasp.vulnweb.com/showthread.asp?id=18
fuzz http://testasp.vulnweb.com/showthread.asp?id=15
http://testasp.vulnweb.com/Default.asp
http://testasp.vulnweb.com/showthread.asp?id=3
http://testasp.vulnweb.com/showthread.asp?id=14
fuzz http://testasp.vulnweb.com/showthread.asp?id=18
http://testasp.vulnweb.com/showthread.asp?id=4
http://testasp.vulnweb.com/Templatize.asp?item=html/about.html
http://testasp.vulnweb.com/showthread.asp?id=16
http://testasp.vulnweb.com/showthread.asp?id=17
http://testasp.vulnweb.com/./Register.asp?RetURL=%2Fshowforum%2Easp%3Fid%3D2
fuzz http://testasp.vulnweb.com/showthread.asp?id=21
http://www.acunetix.com/
http://testasp.vulnweb.com/showthread.asp?id=12
http://testasp.vulnweb.com/showthread.asp?id=9
http://testasp.vulnweb.com/showthread.asp?id=2
http://testasp.vulnweb.com/showthread.asp?id=15
http://testasp.vulnweb.com/showthread.asp?id=6
http://testasp.vulnweb.com/showthread.asp?id=19
fuzz http://testasp.vulnweb.com/./Register.asp?RetURL=/showforum.asp?id=2
http://testasp.vulnweb.com/showthread.asp?id=5
fuzz http://testasp.vulnweb.com/showthread.asp?id=14
http://testasp.vulnweb.com/showthread.asp?id=23
fuzz http://testasp.vulnweb.com/showthread.asp?id=19
http://testasp.vulnweb.com/showthread.asp?id=18
http://testasp.vulnweb.com/Default.asp
http://testasp.vulnweb.com/showthread.asp?id=22
fuzz http://testasp.vulnweb.com/showthread.asp?id=23
http://testasp.vulnweb.com/showthread.asp?id=3
http://testasp.vulnweb.com/showthread.asp?id=14
http://testasp.vulnweb.com/showthread.asp?id=20
http://testasp.vulnweb.com/showthread.asp?id=5
fuzz http://testasp.vulnweb.com/showthread.asp?id=22
fuzz http://testasp.vulnweb.com/showthread.asp?id=20
http://www.acunetix.com
http://testphp.vulnweb.com/artists.php?artist=1
http://testphp.vulnweb.com/guestbook.php
http://testphp.vulnweb.com/categories.php
http://www.eclectasy.com/Fractal-Explorer/index.html
http://testphp.vulnweb.com/product.php?pic=6
http://testphp.vulnweb.com/artists.php
http://testphp.vulnweb.com/disclaimer.php
http://testphp.vulnweb.com/AJAX/index.php
http://testphp.vulnweb.com/showimage.php?file=./pictures/6.jpg
fuzz http://testphp.vulnweb.com/product.php?pic=6
http://testphp.vulnweb.com/index.php
http://testphp.vulnweb.com/login.php
http://testphp.vulnweb.com/privacy.php
http://www.acunetix.com/
http://testphp.vulnweb.com/userinfo.php
http://testphp.vulnweb.com/#
http://testphp.vulnweb.com/mailto:wvs@acunetix.com
http://testphp.vulnweb.com/cart.php
fuzz http://testphp.vulnweb.com/showimage.php?file=./pictures/6.jpg
SQLi ==> http://testphp.vulnweb.com/artists.php?artist=%27
SQLi ==> http://testphp.vulnweb.com/listproducts.php?cat=%27
SQLi ==> http://testphp.vulnweb.com/listproducts.php?cat=%27
SQLi ==> http://testphp.vulnweb.com/artists.php?artist=%27
SQLi ==> http://testphp.vulnweb.com/artists.php?artist=%27
http://www.acunetix.com
http://www.eclectasy.com/Fractal-Explorer/index.html
http://testphp.vulnweb.com/guestbook.php
http://testphp.vulnweb.com/categories.php
http://testphp.vulnweb.com/artists.php
http://testphp.vulnweb.com/disclaimer.php
http://testphp.vulnweb.com/AJAX/index.php
http://testphp.vulnweb.com/login.php
http://testphp.vulnweb.com/index.php
http://testphp.vulnweb.com/privacy.php
http://www.acunetix.com/
http://testphp.vulnweb.com/userinfo.php
http://testphp.vulnweb.com/mailto:wvs@acunetix.com
http://testphp.vulnweb.com/cart.php
http://www.acunetix.com
http://www.eclectasy.com/Fractal-Explorer/index.html
http://testphp.vulnweb.com/guestbook.php
http://testphp.vulnweb.com/categories.php
http://testphp.vulnweb.com/listproducts.php?artist=1
http://testphp.vulnweb.com/artists.php
http://testphp.vulnweb.com/disclaimer.php
http://testphp.vulnweb.com/AJAX/index.php
http://testphp.vulnweb.com/login.php
http://testphp.vulnweb.com/index.php
http://testphp.vulnweb.com/privacy.php
http://www.acunetix.com/
http://testphp.vulnweb.com/userinfo.php
http://testphp.vulnweb.com/#
http://testphp.vulnweb.com/mailto:wvs@acunetix.com
http://testphp.vulnweb.com/cart.php
fuzz http://testphp.vulnweb.com/listproducts.php?artist=1
http://www.acunetix.com
http://www.eclectasy.com/Fractal-Explorer/index.html
http://testphp.vulnweb.com/showimage.php?file=./pictures/5.jpg
http://testphp.vulnweb.com/product.php?pic=1
http://testphp.vulnweb.com/login.php
http://testphp.vulnweb.com/index.php
http://testphp.vulnweb.com/artists.php?artist=2
http://testphp.vulnweb.com/product.php?pic=2
fuzz http://testphp.vulnweb.com/showimage.php?file=./pictures/5.jpg
fuzz http://testphp.vulnweb.com/product.php?pic=1
http://testphp.vulnweb.com/cart.php
http://testphp.vulnweb.com/showimage.php?file=./pictures/2.jpg
fuzz http://testphp.vulnweb.com/product.php?pic=2
http://testphp.vulnweb.com/artists.php?artist=1
http://testphp.vulnweb.com/categories.php
http://testphp.vulnweb.com/product.php?pic=7
fuzz http://testphp.vulnweb.com/showimage.php?file=./pictures/2.jpg
http://testphp.vulnweb.com/disclaimer.php
http://testphp.vulnweb.com/AJAX/index.php
http://testphp.vulnweb.com/showimage.php?file=./pictures/7.jpg
fuzz http://testphp.vulnweb.com/product.php?pic=7
http://testphp.vulnweb.com/showimage.php?file=./pictures/1.jpg
http://testphp.vulnweb.com/artists.php
http://www.acunetix.com/
http://testphp.vulnweb.com/product.php?pic=4
http://testphp.vulnweb.com/guestbook.php
http://testphp.vulnweb.com/showimage.php?file=./pictures/3.jpg
http://testphp.vulnweb.com/product.php?pic=5
http://testphp.vulnweb.com/product.php?pic=3
http://testphp.vulnweb.com/showimage.php?file=./pictures/4.jpg
http://testphp.vulnweb.com/privacy.php
http://testphp.vulnweb.com/userinfo.php
http://testphp.vulnweb.com/#
http://testphp.vulnweb.com/mailto:wvs@acunetix.com
SQLi ==> http://testphp.vulnweb.com/listproducts.php?cat=javascript::alert`1`
http://www.acunetix.com
http://www.eclectasy.com/Fractal-Explorer/index.html
http://testphp.vulnweb.com/guestbook.php
http://testphp.vulnweb.com/categories.php
http://testphp.vulnweb.com/artists.php
http://testphp.vulnweb.com/disclaimer.php
http://testphp.vulnweb.com/AJAX/index.php
http://testphp.vulnweb.com/login.php
http://testphp.vulnweb.com/index.php
http://testphp.vulnweb.com/listproducts.php?artist=3
http://testphp.vulnweb.com/privacy.php
http://www.acunetix.com/
http://testphp.vulnweb.com/userinfo.php
http://testphp.vulnweb.com/#
http://testphp.vulnweb.com/mailto:wvs@acunetix.com
http://testphp.vulnweb.com/cart.php
http://www.acunetix.com
http://www.eclectasy.com/Fractal-Explorer/index.html
http://testphp.vulnweb.com/guestbook.php
http://testphp.vulnweb.com/categories.php
http://testphp.vulnweb.com/artists.php
http://testphp.vulnweb.com/disclaimer.php
http://testphp.vulnweb.com/AJAX/index.php
http://testphp.vulnweb.com/login.php
http://testphp.vulnweb.com/index.php
http://testphp.vulnweb.com/privacy.php
http://www.acunetix.com/
http://testphp.vulnweb.com/userinfo.php
http://testphp.vulnweb.com/mailto:wvs@acunetix.com
http://testphp.vulnweb.com/cart.php
http://www.acunetix.com
http://www.eclectasy.com/Fractal-Explorer/index.html
http://testphp.vulnweb.com/guestbook.php
http://testphp.vulnweb.com/categories.php
http://testphp.vulnweb.com/artists.php
http://testphp.vulnweb.com/disclaimer.php
http://testphp.vulnweb.com/AJAX/index.php
http://testphp.vulnweb.com/login.php
http://testphp.vulnweb.com/index.php
http://testphp.vulnweb.com/privacy.php
http://www.acunetix.com/
http://testphp.vulnweb.com/userinfo.php
http://testphp.vulnweb.com/listproducts.php?artist=2
http://testphp.vulnweb.com/#
http://testphp.vulnweb.com/mailto:wvs@acunetix.com
http://testphp.vulnweb.com/cart.php
XSS ==> http://testphp.vulnweb.com/showimage.php?file=<xi4okv>
SQLi ==> http://testphp.vulnweb.com/product.php?pic=<xi4okv>
SQLi ==> http://testphp.vulnweb.com/artists.php?artist=\
SQLi ==> http://testphp.vulnweb.com/artists.php?artist=\
http://www.acunetix.com
http://testphp.vulnweb.com//hpp/
http://www.eclectasy.com/Fractal-Explorer/index.html
http://testphp.vulnweb.com/guestbook.php
http://testphp.vulnweb.com/categories.php
http://testphp.vulnweb.com/artists.php
http://testphp.vulnweb.com/disclaimer.php
http://testphp.vulnweb.com/AJAX/index.php
http://testphp.vulnweb.com/login.php
http://testphp.vulnweb.com/index.php
http://testphp.vulnweb.com//Mod_Rewrite_Shop/
http://testphp.vulnweb.com/privacy.php
http://www.acunetix.com/
http://testphp.vulnweb.com/userinfo.php
http://testphp.vulnweb.com/mailto:wvs@acunetix.com
http://testphp.vulnweb.com/cart.php
SQLi ==> http://testphp.vulnweb.com/artists.php?artist=\
SQLi ==> http://testphp.vulnweb.com/listproducts.php?cat=\
SQLi ==> http://testphp.vulnweb.com/listproducts.php?cat=\
http://www.acunetix.com
http://www.eclectasy.com/Fractal-Explorer/index.html
http://testphp.vulnweb.com/guestbook.php
http://testphp.vulnweb.com/categories.php
http://testphp.vulnweb.com/artists.php
http://testphp.vulnweb.com/disclaimer.php
http://testphp.vulnweb.com/AJAX/index.php
http://testphp.vulnweb.com/login.php
http://testphp.vulnweb.com/index.php
http://testphp.vulnweb.com/privacy.php
http://www.acunetix.com/
http://testphp.vulnweb.com/userinfo.php
http://testphp.vulnweb.com/mailto:wvs@acunetix.com
http://testphp.vulnweb.com/cart.php
http://www.acunetix.com
http://testphp.vulnweb.com//hpp/
http://www.eclectasy.com/Fractal-Explorer/index.html
http://testphp.vulnweb.com/guestbook.php
http://testphp.vulnweb.com/categories.php
http://testphp.vulnweb.com/artists.php
http://testphp.vulnweb.com/disclaimer.php
http://testphp.vulnweb.com/AJAX/index.php
http://testphp.vulnweb.com/login.php
http://testphp.vulnweb.com/index.php
http://testphp.vulnweb.com//Mod_Rewrite_Shop/
http://testphp.vulnweb.com/privacy.php
http://www.acunetix.com/
http://testphp.vulnweb.com/userinfo.php
http://testphp.vulnweb.com/mailto:wvs@acunetix.com
http://testphp.vulnweb.com/cart.php
XSS ==> http://testphp.vulnweb.com/listproducts.php?artist=<xi4okv>
SQLi ==> http://testphp.vulnweb.com/listproducts.php?artist=<xi4okv>
XSS ==> http://testphp.vulnweb.com/showimage.php?file=<xi4okv>
SQLi ==> http://testphp.vulnweb.com/product.php?pic=<xi4okv>
XSS ==> http://testphp.vulnweb.com/showimage.php?file=<xi4okv>
SQLi ==> http://testphp.vulnweb.com/product.php?pic=<xi4okv>
SQLi ==> http://testphp.vulnweb.com/product.php?pic=<xi4okv>
SQLi ==> http://testphp.vulnweb.com/listproducts.php?cat=%27
SQLi ==> http://testphp.vulnweb.com/product.php?pic=javascript::alert`1`
XSS ==> http://testphp.vulnweb.com/showimage.php?file=javascript::alert`1`
SQLi ==> http://testphp.vulnweb.com/artists.php?artist=/
SQLi ==> http://testphp.vulnweb.com/artists.php?artist=/
SQLi ==> http://testphp.vulnweb.com/listproducts.php?cat=%27
SQLi ==> http://testphp.vulnweb.com/artists.php?artist=/
SQLi ==> http://testphp.vulnweb.com/listproducts.php?cat=/
SQLi ==> http://testphp.vulnweb.com/listproducts.php?cat=/
http://testasp.vulnweb.com/Templatize.asp?item=html/about.html
http://testasp.vulnweb.com/Default.asp
http://testasp.vulnweb.com/Search.asp
http://testasp.vulnweb.com/./Register.asp?RetURL=%2FTemplatize%2Easp%3Fitem%3Dhtml%2Fabout%2Ehtml
http://testasp.vulnweb.com/./Login.asp?RetURL=%2FTemplatize%2Easp%3Fitem%3Dhtml%2Fabout%2Ehtml
http://www.acunetix.com/
http://testasp.vulnweb.com/Templatize.asp?item=html/about.html
http://testasp.vulnweb.com/Default.asp
http://testasp.vulnweb.com/Search.asp
http://testasp.vulnweb.com/./Register.asp?RetURL=%2FTemplatize%2Easp%3Fitem%3Dhtml%2Fabout%2Ehtml
http://testasp.vulnweb.com/./Login.asp?RetURL=%2FTemplatize%2Easp%3Fitem%3Dhtml%2Fabout%2Ehtml
http://www.acunetix.com/
SQLi ==> http://testphp.vulnweb.com/listproducts.php?artist=javascript::alert`1`
XSS ==> http://testphp.vulnweb.com/showimage.php?file=javascript::alert`1`
SQLi ==> http://testphp.vulnweb.com/product.php?pic=javascript::alert`1`
XSS ==> http://testphp.vulnweb.com/showimage.php?file=javascript::alert`1`
SQLi ==> http://testphp.vulnweb.com/product.php?pic=javascript::alert`1`
SQLi ==> http://testphp.vulnweb.com/product.php?pic=javascript::alert`1`
SQLi ==> http://testphp.vulnweb.com/listproducts.php?cat=\
http://testasp.vulnweb.com/Templatize.asp?item=html/about.html
http://testasp.vulnweb.com/Default.asp
http://testasp.vulnweb.com/Search.asp
http://testasp.vulnweb.com/./Register.asp?RetURL=%2FSearch%2Easp%3F
http://www.acunetix.com/
http://testasp.vulnweb.com/./Login.asp?RetURL=%2FSearch%2Easp%3F
http://testasp.vulnweb.com/Templatize.asp?item=html/about.html
http://testasp.vulnweb.com/Default.asp
http://testasp.vulnweb.com/Search.asp
http://testasp.vulnweb.com/./Register.asp?RetURL=%2FSearch%2Easp%3F
http://www.acunetix.com/
http://testasp.vulnweb.com/./Login.asp?RetURL=%2FSearch%2Easp%3F
SQLi ==> http://testphp.vulnweb.com/product.php?pic=%27
SQLi ==> http://testphp.vulnweb.com/artists.php?artist=../../../etc/passwd
SQLi ==> http://testphp.vulnweb.com/artists.php?artist=../../../etc/passwd
http://testasp.vulnweb.com/./Register.asp?RetURL=%2Fshowthread%2Easp%3Fid%3D10
http://testasp.vulnweb.com/./Login.asp?RetURL=%2Fshowthread%2Easp%3Fid%3D10
http://testasp.vulnweb.com/Templatize.asp?item=html/about.html
http://testasp.vulnweb.com/Default.asp
http://testasp.vulnweb.com/Search.asp
http://testasp.vulnweb.com/showforum.asp?id=0
http://www.acunetix.com/
SQLi ==> http://testphp.vulnweb.com/listproducts.php?cat=\
SQLi ==> http://testphp.vulnweb.com/artists.php?artist=../../../etc/passwd
SQLi ==> http://testphp.vulnweb.com/listproducts.php?cat=../../../etc/passwd
SQLi ==> http://testphp.vulnweb.com/listproducts.php?cat=../../../etc/passwd
SQLi ==> http://testphp.vulnweb.com/listproducts.php?artist=%27
http://testasp.vulnweb.com/Templatize.asp?item=html/about.html
http://testasp.vulnweb.com/Default.asp
http://testasp.vulnweb.com/Search.asp
http://testasp.vulnweb.com/./Register.asp?RetURL=%2Fshowthread%2Easp%3Fid%3D6
http://testasp.vulnweb.com/./Login.asp?RetURL=%2Fshowthread%2Easp%3Fid%3D6
http://testasp.vulnweb.com/showforum.asp?id=0
http://www.acunetix.com/
http://testasp.vulnweb.com/Templatize.asp?item=html/about.html
http://testasp.vulnweb.com/Default.asp
http://testasp.vulnweb.com/Search.asp
http://testasp.vulnweb.com/showforum.asp?id=0
http://www.acunetix.com/
http://testasp.vulnweb.com/./Register.asp?RetURL=%2Fshowthread%2Easp%3Fid%3D0
http://testasp.vulnweb.com/./Login.asp?RetURL=%2Fshowthread%2Easp%3Fid%3D0
SQLi ==> http://testphp.vulnweb.com/product.php?pic=%27
SQLi ==> http://testphp.vulnweb.com/product.php?pic=%27
SQLi ==> http://testphp.vulnweb.com/product.php?pic=%27
SQLi ==> http://testphp.vulnweb.com/listproducts.php?cat=/
http://testasp.vulnweb.com/./Register.asp?RetURL=%2Fshowforum%2Easp%3Fid%3D1
http://testasp.vulnweb.com/Templatize.asp?item=html/about.html
http://testasp.vulnweb.com/Default.asp
http://testasp.vulnweb.com/./Login.asp?RetURL=%2Fshowforum%2Easp%3Fid%3D1
http://testasp.vulnweb.com/Search.asp
http://www.acunetix.com/
http://testasp.vulnweb.com/Templatize.asp?item=html/about.html
http://testasp.vulnweb.com/./Login.asp?RetURL=%2Fshowthread%2Easp%3Fid%3D4
http://testasp.vulnweb.com/Default.asp
http://testasp.vulnweb.com/Search.asp
http://testasp.vulnweb.com/showforum.asp?id=0
http://testasp.vulnweb.com/./Register.asp?RetURL=%2Fshowthread%2Easp%3Fid%3D4
http://www.acunetix.com/
SQLi ==> http://testphp.vulnweb.com/product.php?pic=\
SQLi ==> http://testphp.vulnweb.com/artists.php?artist=%3Cxi4okv%3E
SQLi ==> http://testphp.vulnweb.com/artists.php?artist=%3Cxi4okv%3E
SQLi ==> http://testphp.vulnweb.com/listproducts.php?cat=/
http://testasp.vulnweb.com/./Register.asp?RetURL=%2Fshowforum%2Easp%3Fid%3D1
http://testasp.vulnweb.com/Templatize.asp?item=html/about.html
http://testasp.vulnweb.com/Default.asp
http://testasp.vulnweb.com/./Login.asp?RetURL=%2Fshowforum%2Easp%3Fid%3D1
http://testasp.vulnweb.com/Search.asp
http://www.acunetix.com/
SQLi ==> http://testphp.vulnweb.com/artists.php?artist=%3Cxi4okv%3E
XSS ==> http://testphp.vulnweb.com/listproducts.php?cat=%3Cxi4okv%3E
SQLi ==> http://testphp.vulnweb.com/listproducts.php?cat=%3Cxi4okv%3E
XSS ==> http://testphp.vulnweb.com/listproducts.php?cat=%3Cxi4okv%3E
SQLi ==> http://testphp.vulnweb.com/listproducts.php?cat=%3Cxi4okv%3E
SQLi ==> http://testphp.vulnweb.com/listproducts.php?artist=\
http://testasp.vulnweb.com/Templatize.asp?item=html/about.html
http://testasp.vulnweb.com/Default.asp
http://testasp.vulnweb.com/Search.asp
http://testasp.vulnweb.com/./Login.asp?RetURL=%2Fshowthread%2Easp%3Fid%3D3
http://testasp.vulnweb.com/showforum.asp?id=0
http://www.acunetix.com/
http://testasp.vulnweb.com/./Register.asp?RetURL=%2Fshowthread%2Easp%3Fid%3D3
SQLi ==> http://testphp.vulnweb.com/product.php?pic=\
SQLi ==> http://testphp.vulnweb.com/product.php?pic=\
SQLi ==> http://testphp.vulnweb.com/product.php?pic=\
SQLi ==> http://testphp.vulnweb.com/listproducts.php?cat=../../../etc/passwd
http://testasp.vulnweb.com/Templatize.asp?item=html/about.html
http://testasp.vulnweb.com/Default.asp
http://testasp.vulnweb.com/Search.asp
http://testasp.vulnweb.com/showforum.asp?id=0
http://testasp.vulnweb.com/./Login.asp?RetURL=%2Fshowthread%2Easp%3Fid%3D8
http://www.acunetix.com/
http://testasp.vulnweb.com/./Register.asp?RetURL=%2Fshowthread%2Easp%3Fid%3D8
http://testasp.vulnweb.com/./Login.asp?RetURL=%2Fshowthread%2Easp%3Fid%3D9
http://testasp.vulnweb.com/Templatize.asp?item=html/about.html
http://testasp.vulnweb.com/Default.asp
http://testasp.vulnweb.com/Search.asp
http://testasp.vulnweb.com/showforum.asp?id=0
http://www.acunetix.com/
http://testasp.vulnweb.com/./Register.asp?RetURL=%2Fshowthread%2Easp%3Fid%3D9
SQLi ==> http://testphp.vulnweb.com/product.php?pic=/
SQLi ==> http://testphp.vulnweb.com/artists.php?artist=javascript%3A%3Aalert%601%60
http://testasp.vulnweb.com/./Register.asp?RetURL=%2Fshowthread%2Easp%3Fid%3D2
http://testasp.vulnweb.com/Templatize.asp?item=html/about.html
http://testasp.vulnweb.com/./Login.asp?RetURL=%2Fshowthread%2Easp%3Fid%3D2
http://testasp.vulnweb.com/Default.asp
http://testasp.vulnweb.com/Search.asp
http://testasp.vulnweb.com/showforum.asp?id=0
http://www.acunetix.com/
SQLi ==> http://testphp.vulnweb.com/artists.php?artist=javascript%3A%3Aalert%601%60
SQLi ==> http://testphp.vulnweb.com/listproducts.php?cat=../../../etc/passwd
SQLi ==> http://testphp.vulnweb.com/artists.php?artist=javascript%3A%3Aalert%601%60
SQLi ==> http://testphp.vulnweb.com/listproducts.php?cat=javascript%3A%3Aalert%601%60
SQLi ==> http://testphp.vulnweb.com/listproducts.php?cat=javascript%3A%3Aalert%601%60
SQLi ==> http://testphp.vulnweb.com/listproducts.php?artist=/
http://testasp.vulnweb.com/Templatize.asp?item=html/about.html
http://testasp.vulnweb.com/Default.asp
http://testasp.vulnweb.com/Search.asp
http://testasp.vulnweb.com/showforum.asp?id=0
http://www.acunetix.com/
http://testasp.vulnweb.com/./Register.asp?RetURL=%2Fshowthread%2Easp%3Fid%3D1
http://testasp.vulnweb.com/./Login.asp?RetURL=%2Fshowthread%2Easp%3Fid%3D1
http://testasp.vulnweb.com/./Login.asp?RetURL=%2Fshowthread%2Easp%3Fid%3D7
http://testasp.vulnweb.com/Templatize.asp?item=html/about.html
http://testasp.vulnweb.com/Default.asp
http://testasp.vulnweb.com/Search.asp
http://testasp.vulnweb.com/showforum.asp?id=0
http://www.acunetix.com/
http://testasp.vulnweb.com/./Register.asp?RetURL=%2Fshowthread%2Easp%3Fid%3D7
SQLi ==> http://testphp.vulnweb.com/product.php?pic=/
SQLi ==> http://testphp.vulnweb.com/product.php?pic=/
SQLi ==> http://testphp.vulnweb.com/product.php?pic=/
XSS ==> http://testphp.vulnweb.com/listproducts.php?cat=%3Cxi4okv%3E
SQLi ==> http://testphp.vulnweb.com/listproducts.php?cat=%3Cxi4okv%3E
http://testasp.vulnweb.com/Templatize.asp?item=html/about.html
http://testasp.vulnweb.com/Default.asp
http://testasp.vulnweb.com/Search.asp
http://testasp.vulnweb.com/./Register.asp?RetURL=%2Fshowthread%2Easp%3Fid%3D5
http://testasp.vulnweb.com/./Login.asp?RetURL=%2Fshowthread%2Easp%3Fid%3D5
http://testasp.vulnweb.com/showforum.asp?id=0
http://www.acunetix.com/
http://testasp.vulnweb.com/./Register.asp?RetURL=%2Fshowthread%2Easp%3Fid%3D13
http://testasp.vulnweb.com/Templatize.asp?item=html/about.html
http://testasp.vulnweb.com/Default.asp
http://testasp.vulnweb.com/Search.asp
http://testasp.vulnweb.com/showforum.asp?id=0
http://www.acunetix.com/
http://testasp.vulnweb.com/./Login.asp?RetURL=%2Fshowthread%2Easp%3Fid%3D13
SQLi ==> http://testphp.vulnweb.com/product.php?pic=../../../etc/passwd
SQLi ==> http://testphp.vulnweb.com/artists.php?artist=%2527
SQLi ==> http://testphp.vulnweb.com/artists.php?artist=%2527
SQLi ==> http://testphp.vulnweb.com/artists.php?artist=%2527
XSS ==> http://testphp.vulnweb.com/listproducts.php?cat=%3Cxi4okv%3E
SQLi ==> http://testphp.vulnweb.com/listproducts.php?cat=%3Cxi4okv%3E
SQLi ==> http://testphp.vulnweb.com/listproducts.php?cat=%2527
SQLi ==> http://testphp.vulnweb.com/listproducts.php?cat=%2527
SQLi ==> http://testphp.vulnweb.com/listproducts.php?artist=../../../etc/passwd
http://testasp.vulnweb.com/./Login.asp?RetURL=%2Fshowforum%2Easp%3Fid%3D0
http://testasp.vulnweb.com/Templatize.asp?item=html/about.html
http://testasp.vulnweb.com/Default.asp
http://testasp.vulnweb.com/Search.asp
http://testasp.vulnweb.com/./Register.asp?RetURL=%2Fshowforum%2Easp%3Fid%3D0
http://www.acunetix.com/
http://testasp.vulnweb.com/Templatize.asp?item=html/about.html
http://testasp.vulnweb.com/Default.asp
http://testasp.vulnweb.com/Search.asp
http://testasp.vulnweb.com/./Login.asp?RetURL=%2Fshowthread%2Easp%3Fid%3D16
http://testasp.vulnweb.com/showforum.asp?id=0
http://www.acunetix.com/
http://testasp.vulnweb.com/./Register.asp?RetURL=%2Fshowthread%2Easp%3Fid%3D16
SQLi ==> http://testphp.vulnweb.com/product.php?pic=../../../etc/passwd
SQLi ==> http://testphp.vulnweb.com/product.php?pic=../../../etc/passwd
SQLi ==> http://testphp.vulnweb.com/product.php?pic=../../../etc/passwd
SQLi ==> http://testphp.vulnweb.com/listproducts.php?cat=javascript%3A%3Aalert%601%60
http://testasp.vulnweb.com/./Register.asp?RetURL=%2Fshowthread%2Easp%3Fid%3D17
http://testasp.vulnweb.com/Templatize.asp?item=html/about.html
http://testasp.vulnweb.com/Default.asp
http://testasp.vulnweb.com/Search.asp
http://testasp.vulnweb.com/showforum.asp?id=0
http://www.acunetix.com/
http://testasp.vulnweb.com/./Login.asp?RetURL=%2Fshowthread%2Easp%3Fid%3D17
http://testasp.vulnweb.com/./Login.asp?RetURL=%2Fshowforum%2Easp%3Fid%3D0
http://testasp.vulnweb.com/Templatize.asp?item=html/about.html
http://testasp.vulnweb.com/Default.asp
http://testasp.vulnweb.com/Search.asp
http://testasp.vulnweb.com/./Register.asp?RetURL=%2Fshowforum%2Easp%3Fid%3D0
http://www.acunetix.com/
XSS ==> http://testphp.vulnweb.com/showimage.php?file=%3Cxi4okv%3E
SQLi ==> http://testphp.vulnweb.com/product.php?pic=%3Cxi4okv%3E
SQLi ==> http://testphp.vulnweb.com/artists.php?artist=%5C
SQLi ==> http://testphp.vulnweb.com/artists.php?artist=%5C
SQLi ==> http://testphp.vulnweb.com/listproducts.php?cat=javascript%3A%3Aalert%601%60
SQLi ==> http://testphp.vulnweb.com/artists.php?artist=%5C
SQLi ==> http://testphp.vulnweb.com/listproducts.php?cat=%5C
SQLi ==> http://testphp.vulnweb.com/listproducts.php?cat=%5C
XSS ==> http://testphp.vulnweb.com/listproducts.php?artist=%3Cxi4okv%3E
SQLi ==> http://testphp.vulnweb.com/listproducts.php?artist=%3Cxi4okv%3E
http://testasp.vulnweb.com/./Register.asp?RetURL=%2Fshowthread%2Easp%3Fid%3D12
http://testasp.vulnweb.com/Templatize.asp?item=html/about.html
http://testasp.vulnweb.com/./Login.asp?RetURL=%2Fshowthread%2Easp%3Fid%3D12
http://testasp.vulnweb.com/Default.asp
http://testasp.vulnweb.com/Search.asp
http://testasp.vulnweb.com/showforum.asp?id=0
http://www.acunetix.com/
http://testasp.vulnweb.com/Templatize.asp?item=html/about.html
http://testasp.vulnweb.com/Default.asp
http://testasp.vulnweb.com/Search.asp
http://testasp.vulnweb.com/./Register.asp?RetURL=%2Fshowthread%2Easp%3Fid%3D15
http://testasp.vulnweb.com/showforum.asp?id=0
http://www.acunetix.com/
http://testasp.vulnweb.com/./Login.asp?RetURL=%2Fshowthread%2Easp%3Fid%3D15
SQLi ==> http://testphp.vulnweb.com/product.php?pic=%3Cxi4okv%3E
XSS ==> http://testphp.vulnweb.com/showimage.php?file=%3Cxi4okv%3E
XSS ==> http://testphp.vulnweb.com/showimage.php?file=%3Cxi4okv%3E
SQLi ==> http://testphp.vulnweb.com/product.php?pic=%3Cxi4okv%3E
http://testasp.vulnweb.com/./Login.asp?RetURL=%2Fshowthread%2Easp%3Fid%3D11
http://testasp.vulnweb.com/Templatize.asp?item=html/about.html
http://testasp.vulnweb.com/Default.asp
http://testasp.vulnweb.com/Search.asp
http://testasp.vulnweb.com/./Register.asp?RetURL=%2Fshowthread%2Easp%3Fid%3D11
http://testasp.vulnweb.com/showforum.asp?id=0
http://www.acunetix.com/
SQLi ==> http://testphp.vulnweb.com/product.php?pic=%3Cxi4okv%3E
SQLi ==> http://testphp.vulnweb.com/listproducts.php?cat=%2527
http://testasp.vulnweb.com/Templatize.asp?item=html/about.html
http://testasp.vulnweb.com/Default.asp
http://testasp.vulnweb.com/Search.asp
http://testasp.vulnweb.com/./Register.asp?RetURL=%2Fshowforum%2Easp%3Fid%3D2
http://www.acunetix.com/
http://testasp.vulnweb.com/./Login.asp?RetURL=%2Fshowforum%2Easp%3Fid%3D2
http://testasp.vulnweb.com/./Login.asp?RetURL=%2Fshowthread%2Easp%3Fid%3D21
http://testasp.vulnweb.com/Templatize.asp?item=html/about.html
http://testasp.vulnweb.com/./Register.asp?RetURL=%2Fshowthread%2Easp%3Fid%3D21
http://testasp.vulnweb.com/Default.asp
http://testasp.vulnweb.com/Search.asp
http://testasp.vulnweb.com/showforum.asp?id=2
http://www.acunetix.com/
XSS ==> http://testphp.vulnweb.com/showimage.php?file=javascript%3A%3Aalert%601%60
SQLi ==> http://testphp.vulnweb.com/product.php?pic=javascript%3A%3Aalert%601%60
SQLi ==> http://testphp.vulnweb.com/artists.php?artist=/
SQLi ==> http://testphp.vulnweb.com/artists.php?artist=/
SQLi ==> http://testphp.vulnweb.com/listproducts.php?cat=%2527
SQLi ==> http://testphp.vulnweb.com/artists.php?artist=/
SQLi ==> http://testphp.vulnweb.com/listproducts.php?cat=/
SQLi ==> http://testphp.vulnweb.com/listproducts.php?cat=/
SQLi ==> http://testphp.vulnweb.com/listproducts.php?artist=javascript%3A%3Aalert%601%60
http://testasp.vulnweb.com/./Login.asp?RetURL=%2Fshowthread%2Easp%3Fid%3D18
http://testasp.vulnweb.com/./Register.asp?RetURL=%2Fshowthread%2Easp%3Fid%3D18
http://testasp.vulnweb.com/Templatize.asp?item=html/about.html
http://testasp.vulnweb.com/Default.asp
http://testasp.vulnweb.com/Search.asp
http://testasp.vulnweb.com/showforum.asp?id=0
http://www.acunetix.com/
http://testasp.vulnweb.com/Templatize.asp?item=html/about.html
http://testasp.vulnweb.com/./Register.asp?RetURL=%2Fshowthread%2Easp%3Fid%3D14
http://testasp.vulnweb.com/Default.asp
http://testasp.vulnweb.com/Search.asp
http://testasp.vulnweb.com/showforum.asp?id=0
http://www.acunetix.com/
http://testasp.vulnweb.com/./Login.asp?RetURL=%2Fshowthread%2Easp%3Fid%3D14
SQLi ==> http://testphp.vulnweb.com/product.php?pic=javascript%3A%3Aalert%601%60
XSS ==> http://testphp.vulnweb.com/showimage.php?file=javascript%3A%3Aalert%601%60
SQLi ==> http://testphp.vulnweb.com/product.php?pic=javascript%3A%3Aalert%601%60
XSS ==> http://testphp.vulnweb.com/showimage.php?file=javascript%3A%3Aalert%601%60
http://testasp.vulnweb.com/Templatize.asp?item=html/about.html
http://testasp.vulnweb.com/Default.asp
http://testasp.vulnweb.com/Search.asp
http://testasp.vulnweb.com/./Register.asp?RetURL=%2Fshowforum%2Easp%3Fid%3D2
http://www.acunetix.com/
http://testasp.vulnweb.com/./Login.asp?RetURL=%2Fshowforum%2Easp%3Fid%3D2
SQLi ==> http://testphp.vulnweb.com/listproducts.php?cat=%5C
SQLi ==> http://testphp.vulnweb.com/product.php?pic=javascript%3A%3Aalert%601%60
http://testasp.vulnweb.com/./Login.asp?RetURL=%2Fshowthread%2Easp%3Fid%3D19
http://testasp.vulnweb.com/Templatize.asp?item=html/about.html
http://testasp.vulnweb.com/./Register.asp?RetURL=%2Fshowthread%2Easp%3Fid%3D19
http://testasp.vulnweb.com/Default.asp
http://testasp.vulnweb.com/Search.asp
http://testasp.vulnweb.com/showforum.asp?id=2
http://www.acunetix.com/
http://testasp.vulnweb.com/Templatize.asp?item=html/about.html
http://testasp.vulnweb.com/Default.asp
http://testasp.vulnweb.com/Search.asp
http://testasp.vulnweb.com/./Login.asp?RetURL=%2Fshowthread%2Easp%3Fid%3D23
http://testasp.vulnweb.com/showforum.asp?id=2
http://www.acunetix.com/
http://testasp.vulnweb.com/./Register.asp?RetURL=%2Fshowthread%2Easp%3Fid%3D23
SQLi ==> http://testphp.vulnweb.com/product.php?pic=%2527
SQLi ==> http://testphp.vulnweb.com/artists.php?artist=../../../etc/passwd
fuzz http://testphp.vulnweb.com/showimage.php?file=./pictures/7.jpg
SQLi ==> http://testphp.vulnweb.com/artists.php?artist=../../../etc/passwd
fuzz http://testphp.vulnweb.com/showimage.php?file=./pictures/1.jpg
SQLi ==> http://testphp.vulnweb.com/artists.php?artist=../../../etc/passwd
fuzz http://testphp.vulnweb.com/product.php?pic=4
SQLi ==> http://testphp.vulnweb.com/listproducts.php?cat=../../../etc/passwd
fuzz http://testphp.vulnweb.com/showimage.php?file=./pictures/3.jpg
fuzz http://testphp.vulnweb.com/product.php?pic=5
SQLi ==> http://testphp.vulnweb.com/listproducts.php?cat=../../../etc/passwd
fuzz http://testphp.vulnweb.com/product.php?pic=3
SQLi ==> http://testphp.vulnweb.com/listproducts.php?artist=%2527
SQLi ==> http://testphp.vulnweb.com/product.php?pic=%2527
SQLi ==> http://testphp.vulnweb.com/product.php?pic=%2527
SQLi ==> http://testphp.vulnweb.com/product.php?pic=%2527
SQLi ==> http://testphp.vulnweb.com/listproducts.php?cat=/
fuzz http://testphp.vulnweb.com/showimage.php?file=./pictures/4.jpg
http://testasp.vulnweb.com/./Login.asp?RetURL=%2Fshowthread%2Easp%3Fid%3D22
http://testasp.vulnweb.com/Templatize.asp?item=html/about.html
http://testasp.vulnweb.com/Default.asp
http://testasp.vulnweb.com/./Register.asp?RetURL=%2Fshowthread%2Easp%3Fid%3D22
http://testasp.vulnweb.com/Search.asp
http://testasp.vulnweb.com/showforum.asp?id=2
http://www.acunetix.com/
SQLi ==> http://testphp.vulnweb.com/product.php?pic=%5C
XSS ==> http://testphp.vulnweb.com/showimage.php?file=<xi4okv>
XSS ==> http://testphp.vulnweb.com/showimage.php?file=<xi4okv>
SQLi ==> http://testphp.vulnweb.com/product.php?pic=<xi4okv>
fuzz http://testphp.vulnweb.com/listproducts.php?artist=3
SQLi ==> http://testphp.vulnweb.com/product.php?pic=<xi4okv>
XSS ==> http://testphp.vulnweb.com/showimage.php?file=<xi4okv>
SQLi ==> http://testphp.vulnweb.com/listproducts.php?artist=%5C
http://www.acunetix.com
http://testphp.vulnweb.com/artists.php?artist=1
http://testphp.vulnweb.com/guestbook.php
http://testphp.vulnweb.com/categories.php
http://www.eclectasy.com/Fractal-Explorer/index.html
http://testphp.vulnweb.com/artists.php
http://testphp.vulnweb.com/disclaimer.php
http://testphp.vulnweb.com/AJAX/index.php
http://testphp.vulnweb.com/showimage.php?file=./pictures/6.jpg
http://testphp.vulnweb.com/index.php
http://testphp.vulnweb.com/login.php
http://testphp.vulnweb.com/privacy.php
http://www.acunetix.com/
http://testphp.vulnweb.com/userinfo.php
http://testphp.vulnweb.com/mailto:wvs@acunetix.com
http://testphp.vulnweb.com/cart.php
http://www.acunetix.com
http://www.eclectasy.com/Fractal-Explorer/index.html
http://testphp.vulnweb.com/showimage.php?file=./pictures/5.jpg
http://testphp.vulnweb.com/product.php?pic=1
http://testphp.vulnweb.com/login.php
http://testphp.vulnweb.com/index.php
http://testphp.vulnweb.com/product.php?pic=2
http://testphp.vulnweb.com/cart.php
http://testphp.vulnweb.com/showimage.php?file=./pictures/2.jpg
http://testphp.vulnweb.com/artists.php?artist=1
http://testphp.vulnweb.com/categories.php
http://testphp.vulnweb.com/showimage.php?file=./pictures/6.jpg
http://testphp.vulnweb.com/disclaimer.php
http://testphp.vulnweb.com/AJAX/index.php
http://testphp.vulnweb.com/showimage.php?file=./pictures/1.jpg
http://testphp.vulnweb.com/product.php?pic=6
http://testphp.vulnweb.com/artists.php
http://www.acunetix.com/
http://testphp.vulnweb.com/product.php?pic=4
http://testphp.vulnweb.com/guestbook.php
http://testphp.vulnweb.com/showimage.php?file=./pictures/3.jpg
http://testphp.vulnweb.com/product.php?pic=5
http://testphp.vulnweb.com/product.php?pic=3
http://testphp.vulnweb.com/showimage.php?file=./pictures/4.jpg
http://testphp.vulnweb.com/privacy.php
http://testphp.vulnweb.com/userinfo.php
http://testphp.vulnweb.com/#
http://testphp.vulnweb.com/mailto:wvs@acunetix.com
SQLi ==> http://testphp.vulnweb.com/product.php?pic=%5C
SQLi ==> http://testphp.vulnweb.com/product.php?pic=%5C
http://testasp.vulnweb.com/./Register.asp?RetURL=%2Fshowthread%2Easp%3Fid%3D20
http://testasp.vulnweb.com/Templatize.asp?item=html/about.html
http://testasp.vulnweb.com/./Login.asp?RetURL=%2Fshowthread%2Easp%3Fid%3D20
http://testasp.vulnweb.com/Default.asp
http://testasp.vulnweb.com/Search.asp
http://testasp.vulnweb.com/showforum.asp?id=2
http://www.acunetix.com/
SQLi ==> http://testphp.vulnweb.com/listproducts.php?cat=%5C
SQLi ==> http://testphp.vulnweb.com/product.php?pic=%5C
SQLi ==> http://testphp.vulnweb.com/listproducts.php?cat=../../../etc/passwd
fuzz http://testphp.vulnweb.com/listproducts.php?artist=2
fuzz http://testasp.vulnweb.com/./Register.asp?RetURL=/showthread.asp?id=10
fuzz http://testasp.vulnweb.com/./Login.asp?RetURL=/showthread.asp?id=10
XSS ==> http://testphp.vulnweb.com/showimage.php?file=<xi4okv>
SQLi ==> http://testphp.vulnweb.com/product.php?pic=/
XSS ==> http://testphp.vulnweb.com/showimage.php?file=javascript::alert`1`
XSS ==> http://testphp.vulnweb.com/showimage.php?file=javascript::alert`1`
SQLi ==> http://testphp.vulnweb.com/product.php?pic=javascript::alert`1`
SQLi ==> http://testphp.vulnweb.com/product.php?pic=javascript::alert`1`
XSS ==> http://testphp.vulnweb.com/listproducts.php?artist=<xi4okv>
SQLi ==> http://testphp.vulnweb.com/listproducts.php?artist=<xi4okv>
fuzz http://testasp.vulnweb.com/./Register.asp?RetURL=/showthread.asp?id=6
http://www.acunetix.com
http://testphp.vulnweb.com/artists.php?artist=1
http://testphp.vulnweb.com/guestbook.php
http://testphp.vulnweb.com/categories.php
http://testphp.vulnweb.com/showimage.php?file=./pictures/1.jpg
http://www.eclectasy.com/Fractal-Explorer/index.html
http://testphp.vulnweb.com/artists.php
http://testphp.vulnweb.com/disclaimer.php
http://testphp.vulnweb.com/AJAX/index.php
http://testphp.vulnweb.com/login.php
http://testphp.vulnweb.com/index.php
http://testphp.vulnweb.com/privacy.php
http://www.acunetix.com/
http://testphp.vulnweb.com/userinfo.php
http://testphp.vulnweb.com/mailto:wvs@acunetix.com
http://testphp.vulnweb.com/cart.php
http://testphp.vulnweb.com/showimage.php?file=./pictures/2.jpg
http://www.acunetix.com
http://testphp.vulnweb.com/artists.php?artist=1
http://testphp.vulnweb.com/guestbook.php
http://testphp.vulnweb.com/categories.php
http://www.eclectasy.com/Fractal-Explorer/index.html
http://testphp.vulnweb.com/artists.php
http://testphp.vulnweb.com/disclaimer.php
http://testphp.vulnweb.com/AJAX/index.php
http://testphp.vulnweb.com/login.php
http://testphp.vulnweb.com/index.php
http://testphp.vulnweb.com/privacy.php
http://www.acunetix.com/
http://testphp.vulnweb.com/userinfo.php
http://testphp.vulnweb.com/mailto:wvs@acunetix.com
http://testphp.vulnweb.com/cart.php
fuzz http://testasp.vulnweb.com/./Login.asp?RetURL=/showthread.asp?id=6
SQLi ==> http://testphp.vulnweb.com/product.php?pic=/
SQLi ==> http://testphp.vulnweb.com/product.php?pic=/
SQLi ==> http://testphp.vulnweb.com/listproducts.php?cat=/
fuzz http://testasp.vulnweb.com/./Register.asp?RetURL=/showthread.asp?id=0
SQLi ==> http://testphp.vulnweb.com/product.php?pic=/
XSS ==> http://testphp.vulnweb.com/listproducts.php?artist=<xi4okv>
SQLi ==> http://testphp.vulnweb.com/listproducts.php?artist=<xi4okv>
fuzz http://testasp.vulnweb.com/./Login.asp?RetURL=/showthread.asp?id=0
SQLi ==> http://testphp.vulnweb.com/product.php?pic=../../../etc/passwd
fuzz http://testasp.vulnweb.com/./Login.asp?RetURL=/showthread.asp?id=4
SQLi ==> http://testphp.vulnweb.com/product.php?pic=%27
https://www.acunetix.com/vulnerability-scanner/case-studies/
https://www.acunetix.com/vulnerability-scanner/network-security-scanner/
http://www.acunetix.com/#content
https://online.acunetix.com
https://www.acunetix.com/blog/category/events/
https://www.acunetix.com/vulnerability-scanner/
https://www.acunetix.com/vulnerability-scanner/acunetix-integrations/
https://www.acunetix.com/request-quote/
https://www.acunetix.com/company/
https://www.acunetix.com/vulnerability-scanner/customers/
https://www.acunetix.com/jobs/
http://www.acunetix.com/vulnerability-scanner/customers/
http://www.acunetix.com/vulnerability-scanner/download/
https://www.acunetix.com/vulnerability-scanner/penetration-testing-software/
https://www.acunetix.com/blog/category/web-security-zone/
https://www.acunetix.com/websitesecurity/cross-site-scripting/
https://www.acunetix.com/blog/category/news/
https://www.acunetix.com/webinars/
https://www.acunetix.com/vulnerability-scanner/pen-testing-tools/
https://www.acunetix.com/company/privacy/
https://www.acunetix.com/support/faq/
https://www.acunetix.com/vulnerability-scanner/website-security-scanner/
https://www.acunetix.com/blog/
https://www.acunetix.com/blog/category/releases/
https://www.acunetix.com/vulnerability-scanner/external-vulnerability-scanner/
https://www.acunetix.com/ordering/
https://www.acunetix.com/vulnerability-scanner/acumonitor-technology/
https://www.acunetix.com/company/contact/
https://www.acunetix.com/partners/
https://www.acunetix.com/acunetix-academy/
https://www.acunetix.com/web-vulnerability-scanner/demo/
https://www.acunetix.com/vulnerability-scanner/download/
https://www.acunetix.com/websitesecurity/xss/
https://www.acunetix.com/ordering#resellers
http://www.acunetix.com/vulnerabilities/network/
https://www.acunetix.com/blog/category/docs/
https://www.acunetix.com/vulnerability-scanner/javascript-html5-security/
http://www.linkedin.com/company/acunetix
https://www.acunetix.com/vulnerability-scanner/sql-injection-xss-detection/
https://www.acunetix.com/support/videos/
https://www.acunetix.com/vulnerability-scanner/reviews/
https://www.acunetix.com/websitesecurity/web-services-wp/
https://www.acunetix.com/support/
https://www.acunetix.com/vulnerability-scanner/linux-vulnerability-scanner/
https://www.acunetix.com/websitesecurity/securing-mysql-server-ubuntu-16-04-lts/
https://www.acunetix.com/vulnerability-scanner/wordpress-security-scan/
https://erp.acunetix.com/
https://www.acunetix.com/vulnerability-scanner/windows-vulnerability-scanner/
https://www.acunetix.com/company/terms_conditions/
https://www.acunetix.com/websitesecurity/sql-injection/
https://www.acunetix.com/websitesecurity/directory-traversal/
https://www.acunetix.com/websitesecurity/csrf-attacks/
https://www.acunetix.com/vulnerability-scanner/online-scanner/
https://www.acunetix.com/vulnerability-scanner/low-false-positive/
https://www.acunetix.com/websitesecurity/whitepapers/
https://www.acunetix.com/vulnerability-scanner/vulnerability-management-regulatory-compliance/
http://www.acunetix.com/vulnerabilities/web/
http://www.acunetix.com/vulnerabilities/trojans/
https://www.twitter.com/Acunetix
http://www.acunetix.com/vulnerability-scanner/online-scanner/
https://www.acunetix.com
https://www.acunetix.com/vulnerability-scanner/vulnerability-management-software/
https://www.acunetix.com/blog/articles/tls-security-what-is-tls-ssl-part-1/
https://www.acunetix.com/blog/articles/prevent-sql-injection-vulnerabilities-in-php-applications/
http://www.acunetix.com/web-vulnerability-scanner/demo/
https://www.acunetix.com/vulnerability-scanner/customer_testimonials/
https://www.acunetix.com/vulnerability-scanner/web-application-security/
https://www.facebook.com/Acunetix
https://www.acunetix.com/vulnerability-scanner/acusensor-technology/
SQLi ==> http://testphp.vulnweb.com/product.php?pic=%27
fuzz http://testasp.vulnweb.com/./Register.asp?RetURL=/showthread.asp?id=4
SQLi ==> http://testphp.vulnweb.com/product.php?pic=<xi4okv>
fuzz http://testasp.vulnweb.com/./Login.asp?RetURL=/showthread.asp?id=3
fuzz http://testasp.vulnweb.com/./Register.asp?RetURL=/showthread.asp?id=3
fuzz http://testasp.vulnweb.com/./Login.asp?RetURL=/showthread.asp?id=8
fuzz http://testasp.vulnweb.com/./Register.asp?RetURL=/showthread.asp?id=8
fuzz http://testasp.vulnweb.com/./Login.asp?RetURL=/showthread.asp?id=9
http://www.acunetix.com
http://www.eclectasy.com/Fractal-Explorer/index.html
http://testphp.vulnweb.com/guestbook.php
http://testphp.vulnweb.com/categories.php
http://testphp.vulnweb.com/artists.php
http://testphp.vulnweb.com/disclaimer.php
http://testphp.vulnweb.com/AJAX/index.php
http://testphp.vulnweb.com/login.php
http://testphp.vulnweb.com/index.php
http://testphp.vulnweb.com/showimage.php?file=./pictures/7.jpg
http://www.acunetix.com/
http://testphp.vulnweb.com/privacy.php
http://testphp.vulnweb.com/userinfo.php
http://testphp.vulnweb.com/artists.php?artist=2
http://testphp.vulnweb.com/mailto:wvs@acunetix.com
http://testphp.vulnweb.com/cart.php
XSS ==> http://testphp.vulnweb.com/showimage.php?file=javascript::alert`1`
fuzz http://testasp.vulnweb.com/./Register.asp?RetURL=/showthread.asp?id=9
SQLi ==> http://testphp.vulnweb.com/product.php?pic=../../../etc/passwd
fuzz http://testasp.vulnweb.com/./Register.asp?RetURL=/showthread.asp?id=2
fuzz http://testasp.vulnweb.com/./Login.asp?RetURL=/showthread.asp?id=2
fuzz http://testasp.vulnweb.com/./Register.asp?RetURL=/showthread.asp?id=1
fuzz http://testasp.vulnweb.com/./Login.asp?RetURL=/showthread.asp?id=1
fuzz http://testasp.vulnweb.com/./Login.asp?RetURL=/showthread.asp?id=7
fuzz http://testasp.vulnweb.com/./Register.asp?RetURL=/showthread.asp?id=7
SQLi ==> http://testphp.vulnweb.com/listproducts.php?cat=../../../etc/passwd
fuzz http://testasp.vulnweb.com/./Register.asp?RetURL=/showthread.asp?id=5
SQLi ==> http://testphp.vulnweb.com/product.php?pic=../../../etc/passwd
fuzz http://testasp.vulnweb.com/./Login.asp?RetURL=/showthread.asp?id=5
fuzz http://testasp.vulnweb.com/./Register.asp?RetURL=/showthread.asp?id=13
SQLi ==> http://testphp.vulnweb.com/product.php?pic=../../../etc/passwd
fuzz http://testasp.vulnweb.com/./Login.asp?RetURL=/showthread.asp?id=13
fuzz http://testasp.vulnweb.com/./Login.asp?RetURL=/showthread.asp?id=16
fuzz http://testasp.vulnweb.com/./Register.asp?RetURL=/showthread.asp?id=16
SQLi ==> http://testphp.vulnweb.com/listproducts.php?artist=/
fuzz http://testasp.vulnweb.com/./Register.asp?RetURL=/showthread.asp?id=17
SQLi ==> http://testphp.vulnweb.com/listproducts.php?artist=javascript::alert`1`
SQLi ==> http://testphp.vulnweb.com/product.php?pic=\
SQLi ==> http://testphp.vulnweb.com/product.php?pic=\
SQLi ==> http://testphp.vulnweb.com/product.php?pic=javascript::alert`1`
XSS ==> http://testphp.vulnweb.com/showimage.php?file=javascript::alert`1`
http://www.acunetix.com
http://testphp.vulnweb.com/artists.php?artist=1
http://testphp.vulnweb.com/guestbook.php
http://testphp.vulnweb.com/categories.php
http://www.eclectasy.com/Fractal-Explorer/index.html
http://testphp.vulnweb.com/artists.php
http://testphp.vulnweb.com/disclaimer.php
http://testphp.vulnweb.com/AJAX/index.php
http://testphp.vulnweb.com/login.php
http://testphp.vulnweb.com/index.php
http://testphp.vulnweb.com/showimage.php?file=./pictures/4.jpg
http://testphp.vulnweb.com/privacy.php
http://www.acunetix.com/
http://testphp.vulnweb.com/userinfo.php
http://testphp.vulnweb.com/mailto:wvs@acunetix.com
http://testphp.vulnweb.com/cart.php
http://www.acunetix.com
http://testphp.vulnweb.com/artists.php?artist=1
http://testphp.vulnweb.com/guestbook.php
http://testphp.vulnweb.com/categories.php
http://www.eclectasy.com/Fractal-Explorer/index.html
http://testphp.vulnweb.com/showimage.php?file=./pictures/3.jpg
http://testphp.vulnweb.com/artists.php
http://testphp.vulnweb.com/disclaimer.php
http://testphp.vulnweb.com/AJAX/index.php
http://testphp.vulnweb.com/login.php
http://testphp.vulnweb.com/index.php
http://testphp.vulnweb.com/privacy.php
http://www.acunetix.com/
http://testphp.vulnweb.com/userinfo.php
http://testphp.vulnweb.com/mailto:wvs@acunetix.com
http://testphp.vulnweb.com/cart.php
SQLi ==> http://testphp.vulnweb.com/listproducts.php?artist=../../../etc/passwd
fuzz http://testasp.vulnweb.com/./Login.asp?RetURL=/showthread.asp?id=17
SQLi ==> http://testphp.vulnweb.com/listproducts.php?artist=javascript::alert`1`
SQLi ==> http://testphp.vulnweb.com/product.php?pic=/
fuzz http://testasp.vulnweb.com/./Register.asp?RetURL=/showthread.asp?id=12
SQLi ==> http://testphp.vulnweb.com/product.php?pic=/
SQLi ==> http://testphp.vulnweb.com/product.php?pic=%27
fuzz http://testasp.vulnweb.com/./Login.asp?RetURL=/showthread.asp?id=12
fuzz http://testasp.vulnweb.com/./Register.asp?RetURL=/showthread.asp?id=15
fuzz http://testasp.vulnweb.com/./Login.asp?RetURL=/showthread.asp?id=15
http://www.acunetix.com
http://www.eclectasy.com/Fractal-Explorer/index.html
http://testphp.vulnweb.com/guestbook.php
http://testphp.vulnweb.com/categories.php
http://testphp.vulnweb.com/artists.php
http://testphp.vulnweb.com/disclaimer.php
http://testphp.vulnweb.com/AJAX/index.php
http://testphp.vulnweb.com/login.php
http://testphp.vulnweb.com/index.php
http://testphp.vulnweb.com/privacy.php
http://www.acunetix.com/
http://testphp.vulnweb.com/userinfo.php
http://testphp.vulnweb.com/mailto:wvs@acunetix.com
http://testphp.vulnweb.com/cart.php
SQLi ==> http://testphp.vulnweb.com/listproducts.php?artist=%27
http://www.acunetix.com
http://testphp.vulnweb.com/artists.php?artist=1
http://testphp.vulnweb.com/guestbook.php
http://testphp.vulnweb.com/categories.php
http://www.eclectasy.com/Fractal-Explorer/index.html
http://testphp.vulnweb.com/showimage.php?file=./pictures/5.jpg
http://testphp.vulnweb.com/artists.php
http://testphp.vulnweb.com/disclaimer.php
http://testphp.vulnweb.com/AJAX/index.php
http://testphp.vulnweb.com/login.php
http://testphp.vulnweb.com/index.php
http://testphp.vulnweb.com/privacy.php
http://www.acunetix.com/
http://testphp.vulnweb.com/userinfo.php
http://testphp.vulnweb.com/mailto:wvs@acunetix.com
http://testphp.vulnweb.com/cart.php
SQLi ==> http://testphp.vulnweb.com/product.php?pic=../../../etc/passwd
fuzz http://testasp.vulnweb.com/./Login.asp?RetURL=/showthread.asp?id=11
SQLi ==> http://testphp.vulnweb.com/product.php?pic=\
SQLi ==> http://testphp.vulnweb.com/product.php?pic=../../../etc/passwd
SQLi ==> http://testphp.vulnweb.com/listproducts.php?artist=%27
XSS ==> http://testphp.vulnweb.com/showimage.php?file=%3Cxi4okv%3E
http://www.acunetix.com
http://www.eclectasy.com/Fractal-Explorer/index.html
http://testphp.vulnweb.com/guestbook.php
http://testphp.vulnweb.com/categories.php
http://testphp.vulnweb.com/artists.php
http://testphp.vulnweb.com/disclaimer.php
http://testphp.vulnweb.com/AJAX/index.php
http://testphp.vulnweb.com/product.php?pic=7
http://testphp.vulnweb.com/index.php
http://testphp.vulnweb.com/login.php
http://testphp.vulnweb.com/showimage.php?file=./pictures/7.jpg
http://www.acunetix.com/
http://testphp.vulnweb.com/privacy.php
http://testphp.vulnweb.com/userinfo.php
http://testphp.vulnweb.com/artists.php?artist=2
http://testphp.vulnweb.com/#
http://testphp.vulnweb.com/mailto:wvs@acunetix.com
http://testphp.vulnweb.com/cart.php
SQLi ==> http://testphp.vulnweb.com/listproducts.php?artist=\
http://testasp.vulnweb.com/./Register.asp?RetURL=%2Fshowthread%2Easp%3Fid%3D10
http://testasp.vulnweb.com/./Login.asp?RetURL=%2Fshowthread%2Easp%3Fid%3D10
http://testasp.vulnweb.com/Templatize.asp?item=html/about.html
http://testasp.vulnweb.com/Default.asp
http://testasp.vulnweb.com/Search.asp
http://www.acunetix.com/
http://testasp.vulnweb.com/./Register.asp?RetURL=%2Fshowthread%2Easp%3Fid%3D10
http://testasp.vulnweb.com/./Login.asp?RetURL=%2Fshowthread%2Easp%3Fid%3D10
http://testasp.vulnweb.com/Templatize.asp?item=html/about.html
http://testasp.vulnweb.com/Default.asp
http://testasp.vulnweb.com/Search.asp
http://www.acunetix.com/
fuzz http://testasp.vulnweb.com/./Register.asp?RetURL=/showthread.asp?id=11
http://testasp.vulnweb.com/Templatize.asp?item=html/about.html
http://testasp.vulnweb.com/Default.asp
http://testasp.vulnweb.com/Search.asp
http://testasp.vulnweb.com/./Register.asp?RetURL=%2Fshowthread%2Easp%3Fid%3D6
http://testasp.vulnweb.com/./Login.asp?RetURL=%2Fshowthread%2Easp%3Fid%3D6
http://www.acunetix.com/
XSS ==> http://testphp.vulnweb.com/showimage.php?file=%3Cxi4okv%3E
SQLi ==> http://testphp.vulnweb.com/product.php?pic=%3Cxi4okv%3E
SQLi ==> http://testphp.vulnweb.com/product.php?pic=/
fuzz http://testasp.vulnweb.com/./Login.asp?RetURL=/showthread.asp?id=21
fuzz http://testasp.vulnweb.com/./Register.asp?RetURL=/showthread.asp?id=21
fuzz http://testasp.vulnweb.com/./Login.asp?RetURL=/showthread.asp?id=18
SQLi ==> http://testphp.vulnweb.com/listproducts.php?artist=\
XSS ==> http://testphp.vulnweb.com/showimage.php?file=javascript%3A%3Aalert%601%60
SQLi ==> http://testphp.vulnweb.com/listproducts.php?artist=/
http://testasp.vulnweb.com/Templatize.asp?item=html/about.html
http://testasp.vulnweb.com/Default.asp
http://testasp.vulnweb.com/Search.asp
http://www.acunetix.com/
http://testasp.vulnweb.com/./Register.asp?RetURL=%2Fshowthread%2Easp%3Fid%3D0
http://testasp.vulnweb.com/./Login.asp?RetURL=%2Fshowthread%2Easp%3Fid%3D0
fuzz http://testasp.vulnweb.com/./Register.asp?RetURL=/showthread.asp?id=18
http://testasp.vulnweb.com/Templatize.asp?item=html/about.html
http://testasp.vulnweb.com/Default.asp
http://testasp.vulnweb.com/Search.asp
http://testasp.vulnweb.com/./Register.asp?RetURL=%2Fshowthread%2Easp%3Fid%3D6
http://testasp.vulnweb.com/./Login.asp?RetURL=%2Fshowthread%2Easp%3Fid%3D6
http://www.acunetix.com/
http://testasp.vulnweb.com/Templatize.asp?item=html/about.html
http://testasp.vulnweb.com/Default.asp
http://testasp.vulnweb.com/Search.asp
http://www.acunetix.com/
http://testasp.vulnweb.com/./Register.asp?RetURL=%2Fshowthread%2Easp%3Fid%3D0
http://testasp.vulnweb.com/./Login.asp?RetURL=%2Fshowthread%2Easp%3Fid%3D0
http://testasp.vulnweb.com/Templatize.asp?item=html/about.html
http://testasp.vulnweb.com/./Login.asp?RetURL=%2Fshowthread%2Easp%3Fid%3D4
http://testasp.vulnweb.com/Default.asp
http://testasp.vulnweb.com/Search.asp
http://testasp.vulnweb.com/./Register.asp?RetURL=%2Fshowthread%2Easp%3Fid%3D4
http://www.acunetix.com/
SQLi ==> http://testphp.vulnweb.com/product.php?pic=javascript%3A%3Aalert%601%60
XSS ==> http://testphp.vulnweb.com/showimage.php?file=javascript%3A%3Aalert%601%60
http://testasp.vulnweb.com/Templatize.asp?item=html/about.html
http://testasp.vulnweb.com/./Login.asp?RetURL=%2Fshowthread%2Easp%3Fid%3D4
http://testasp.vulnweb.com/Default.asp
http://testasp.vulnweb.com/Search.asp
http://testasp.vulnweb.com/./Register.asp?RetURL=%2Fshowthread%2Easp%3Fid%3D4
http://www.acunetix.com/
SQLi ==> http://testphp.vulnweb.com/product.php?pic=../../../etc/passwd
XSS ==> http://testphp.vulnweb.com/showimage.php?file=%3Cxi4okv%3E
http://testasp.vulnweb.com/Templatize.asp?item=html/about.html
http://testasp.vulnweb.com/Default.asp
http://testasp.vulnweb.com/Search.asp
http://testasp.vulnweb.com/./Login.asp?RetURL=%2Fshowthread%2Easp%3Fid%3D3
http://www.acunetix.com/
http://testasp.vulnweb.com/./Register.asp?RetURL=%2Fshowthread%2Easp%3Fid%3D3
SQLi ==> http://testphp.vulnweb.com/listproducts.php?artist=/
SQLi ==> http://testphp.vulnweb.com/listproducts.php?artist=../../../etc/passwd
http://testasp.vulnweb.com/Templatize.asp?item=html/about.html
http://testasp.vulnweb.com/Default.asp
http://testasp.vulnweb.com/Search.asp
http://testasp.vulnweb.com/./Login.asp?RetURL=%2Fshowthread%2Easp%3Fid%3D8
http://www.acunetix.com/
http://testasp.vulnweb.com/./Register.asp?RetURL=%2Fshowthread%2Easp%3Fid%3D8
http://testasp.vulnweb.com/Templatize.asp?item=html/about.html
http://testasp.vulnweb.com/Default.asp
http://testasp.vulnweb.com/Search.asp
http://testasp.vulnweb.com/./Login.asp?RetURL=%2Fshowthread%2Easp%3Fid%3D3
http://www.acunetix.com/
http://testasp.vulnweb.com/./Register.asp?RetURL=%2Fshowthread%2Easp%3Fid%3D3
http://testasp.vulnweb.com/Templatize.asp?item=html/about.html
http://testasp.vulnweb.com/Default.asp
http://testasp.vulnweb.com/Search.asp
http://testasp.vulnweb.com/./Login.asp?RetURL=%2Fshowthread%2Easp%3Fid%3D8
http://www.acunetix.com/
http://testasp.vulnweb.com/./Register.asp?RetURL=%2Fshowthread%2Easp%3Fid%3D8
http://testasp.vulnweb.com/./Login.asp?RetURL=%2Fshowthread%2Easp%3Fid%3D9
http://testasp.vulnweb.com/Templatize.asp?item=html/about.html
http://testasp.vulnweb.com/Default.asp
http://testasp.vulnweb.com/Search.asp
http://www.acunetix.com/
http://testasp.vulnweb.com/./Register.asp?RetURL=%2Fshowthread%2Easp%3Fid%3D9
XSS ==> http://testphp.vulnweb.com/showimage.php?file=%3Cxi4okv%3E
SQLi ==> http://testphp.vulnweb.com/product.php?pic=%2527
SQLi ==> http://testphp.vulnweb.com/product.php?pic=%3Cxi4okv%3E
http://testasp.vulnweb.com/./Login.asp?RetURL=%2Fshowthread%2Easp%3Fid%3D9
http://testasp.vulnweb.com/Templatize.asp?item=html/about.html
http://testasp.vulnweb.com/Default.asp
http://testasp.vulnweb.com/Search.asp
http://www.acunetix.com/
http://testasp.vulnweb.com/./Register.asp?RetURL=%2Fshowthread%2Easp%3Fid%3D9
SQLi ==> http://testphp.vulnweb.com/product.php?pic=%3Cxi4okv%3E
http://testasp.vulnweb.com/./Register.asp?RetURL=%2Fshowthread%2Easp%3Fid%3D2
http://testasp.vulnweb.com/Templatize.asp?item=html/about.html
http://testasp.vulnweb.com/./Login.asp?RetURL=%2Fshowthread%2Easp%3Fid%3D2
http://testasp.vulnweb.com/Default.asp
http://testasp.vulnweb.com/Search.asp
http://www.acunetix.com/
XSS ==> http://testphp.vulnweb.com/showimage.php?file=javascript%3A%3Aalert%601%60
SQLi ==> http://testphp.vulnweb.com/listproducts.php?artist=../../../etc/passwd
XSS ==> http://testphp.vulnweb.com/listproducts.php?artist=%3Cxi4okv%3E
SQLi ==> http://testphp.vulnweb.com/listproducts.php?artist=%3Cxi4okv%3E
http://testasp.vulnweb.com/./Register.asp?RetURL=%2Fshowthread%2Easp%3Fid%3D2
http://testasp.vulnweb.com/Templatize.asp?item=html/about.html
http://testasp.vulnweb.com/./Login.asp?RetURL=%2Fshowthread%2Easp%3Fid%3D2
http://testasp.vulnweb.com/Default.asp
http://testasp.vulnweb.com/Search.asp
http://www.acunetix.com/
http://testasp.vulnweb.com/Templatize.asp?item=html/about.html
http://testasp.vulnweb.com/Default.asp
http://testasp.vulnweb.com/Search.asp
http://www.acunetix.com/
http://testasp.vulnweb.com/./Register.asp?RetURL=%2Fshowthread%2Easp%3Fid%3D1
http://testasp.vulnweb.com/./Login.asp?RetURL=%2Fshowthread%2Easp%3Fid%3D1
http://testasp.vulnweb.com/Templatize.asp?item=html/about.html
http://testasp.vulnweb.com/Default.asp
http://testasp.vulnweb.com/Search.asp
http://www.acunetix.com/
http://testasp.vulnweb.com/./Register.asp?RetURL=%2Fshowthread%2Easp%3Fid%3D1
http://testasp.vulnweb.com/./Login.asp?RetURL=%2Fshowthread%2Easp%3Fid%3D1
XSS ==> http://testphp.vulnweb.com/showimage.php?file=javascript%3A%3Aalert%601%60
http://testasp.vulnweb.com/./Login.asp?RetURL=%2Fshowthread%2Easp%3Fid%3D7
http://testasp.vulnweb.com/Templatize.asp?item=html/about.html
http://testasp.vulnweb.com/Default.asp
http://testasp.vulnweb.com/Search.asp
http://www.acunetix.com/
http://testasp.vulnweb.com/./Register.asp?RetURL=%2Fshowthread%2Easp%3Fid%3D7
SQLi ==> http://testphp.vulnweb.com/product.php?pic=%5C
SQLi ==> http://testphp.vulnweb.com/product.php?pic=javascript%3A%3Aalert%601%60
http://testasp.vulnweb.com/./Login.asp?RetURL=%2Fshowthread%2Easp%3Fid%3D7
http://testasp.vulnweb.com/Templatize.asp?item=html/about.html
http://testasp.vulnweb.com/Default.asp
http://testasp.vulnweb.com/Search.asp
http://www.acunetix.com/
http://testasp.vulnweb.com/./Register.asp?RetURL=%2Fshowthread%2Easp%3Fid%3D7
SQLi ==> http://testphp.vulnweb.com/product.php?pic=javascript%3A%3Aalert%601%60
fuzz http://testasp.vulnweb.com/./Register.asp?RetURL=/showthread.asp?id=14
http://testasp.vulnweb.com/Templatize.asp?item=html/about.html
http://testasp.vulnweb.com/Default.asp
http://testasp.vulnweb.com/Search.asp
http://testasp.vulnweb.com/./Register.asp?RetURL=%2Fshowthread%2Easp%3Fid%3D5
http://testasp.vulnweb.com/./Login.asp?RetURL=%2Fshowthread%2Easp%3Fid%3D5
http://www.acunetix.com/
XSS ==> http://testphp.vulnweb.com/listproducts.php?artist=%3Cxi4okv%3E
SQLi ==> http://testphp.vulnweb.com/listproducts.php?artist=%3Cxi4okv%3E
SQLi ==> http://testphp.vulnweb.com/listproducts.php?artist=javascript%3A%3Aalert%601%60
http://testasp.vulnweb.com/Templatize.asp?item=html/about.html
http://testasp.vulnweb.com/Default.asp
http://testasp.vulnweb.com/Search.asp
http://testasp.vulnweb.com/./Register.asp?RetURL=%2Fshowthread%2Easp%3Fid%3D5
http://testasp.vulnweb.com/./Login.asp?RetURL=%2Fshowthread%2Easp%3Fid%3D5
http://www.acunetix.com/
http://testasp.vulnweb.com/./Register.asp?RetURL=%2Fshowthread%2Easp%3Fid%3D13
http://testasp.vulnweb.com/Templatize.asp?item=html/about.html
http://testasp.vulnweb.com/Default.asp
http://testasp.vulnweb.com/Search.asp
http://www.acunetix.com/
http://testasp.vulnweb.com/./Login.asp?RetURL=%2Fshowthread%2Easp%3Fid%3D13
http://testasp.vulnweb.com/./Register.asp?RetURL=%2Fshowthread%2Easp%3Fid%3D13
http://testasp.vulnweb.com/Templatize.asp?item=html/about.html
http://testasp.vulnweb.com/Default.asp
http://testasp.vulnweb.com/Search.asp
http://www.acunetix.com/
http://testasp.vulnweb.com/./Login.asp?RetURL=%2Fshowthread%2Easp%3Fid%3D13
http://testasp.vulnweb.com/Templatize.asp?item=html/about.html
http://testasp.vulnweb.com/Default.asp
http://testasp.vulnweb.com/Search.asp
http://testasp.vulnweb.com/./Login.asp?RetURL=%2Fshowthread%2Easp%3Fid%3D16
http://www.acunetix.com/
http://testasp.vulnweb.com/./Register.asp?RetURL=%2Fshowthread%2Easp%3Fid%3D16
SQLi ==> http://testphp.vulnweb.com/product.php?pic=/
SQLi ==> http://testphp.vulnweb.com/product.php?pic=%2527
http://testasp.vulnweb.com/Templatize.asp?item=html/about.html
http://testasp.vulnweb.com/Default.asp
http://testasp.vulnweb.com/Search.asp
http://testasp.vulnweb.com/./Login.asp?RetURL=%2Fshowthread%2Easp%3Fid%3D16
http://www.acunetix.com/
http://testasp.vulnweb.com/./Register.asp?RetURL=%2Fshowthread%2Easp%3Fid%3D16
SQLi ==> http://testphp.vulnweb.com/product.php?pic=%2527
http://testasp.vulnweb.com/./Register.asp?RetURL=%2Fshowthread%2Easp%3Fid%3D17
http://testasp.vulnweb.com/Templatize.asp?item=html/about.html
http://testasp.vulnweb.com/Default.asp
http://testasp.vulnweb.com/Search.asp
http://www.acunetix.com/
http://testasp.vulnweb.com/./Login.asp?RetURL=%2Fshowthread%2Easp%3Fid%3D17
SQLi ==> http://testphp.vulnweb.com/listproducts.php?artist=javascript%3A%3Aalert%601%60
fuzz http://testasp.vulnweb.com/./Login.asp?RetURL=/showthread.asp?id=14
fuzz http://testasp.vulnweb.com/./Login.asp?RetURL=/showthread.asp?id=19
SQLi ==> http://testphp.vulnweb.com/listproducts.php?artist=%2527
http://testasp.vulnweb.com/./Register.asp?RetURL=%2Fshowthread%2Easp%3Fid%3D17
http://testasp.vulnweb.com/Templatize.asp?item=html/about.html
http://testasp.vulnweb.com/Default.asp
http://testasp.vulnweb.com/Search.asp
http://www.acunetix.com/
http://testasp.vulnweb.com/./Login.asp?RetURL=%2Fshowthread%2Easp%3Fid%3D17
http://testasp.vulnweb.com/./Register.asp?RetURL=%2Fshowthread%2Easp%3Fid%3D12
http://testasp.vulnweb.com/Templatize.asp?item=html/about.html
http://testasp.vulnweb.com/./Login.asp?RetURL=%2Fshowthread%2Easp%3Fid%3D12
http://testasp.vulnweb.com/Default.asp
http://testasp.vulnweb.com/Search.asp
http://www.acunetix.com/
http://testasp.vulnweb.com/./Register.asp?RetURL=%2Fshowthread%2Easp%3Fid%3D12
http://testasp.vulnweb.com/Templatize.asp?item=html/about.html
http://testasp.vulnweb.com/./Login.asp?RetURL=%2Fshowthread%2Easp%3Fid%3D12
http://testasp.vulnweb.com/Default.asp
http://testasp.vulnweb.com/Search.asp
http://www.acunetix.com/
http://testasp.vulnweb.com/Templatize.asp?item=html/about.html
http://testasp.vulnweb.com/Default.asp
http://testasp.vulnweb.com/Search.asp
http://testasp.vulnweb.com/./Register.asp?RetURL=%2Fshowthread%2Easp%3Fid%3D15
http://www.acunetix.com/
http://testasp.vulnweb.com/./Login.asp?RetURL=%2Fshowthread%2Easp%3Fid%3D15
fuzz http://testasp.vulnweb.com/./Register.asp?RetURL=/showthread.asp?id=19
SQLi ==> http://testphp.vulnweb.com/product.php?pic=%5C
http://testasp.vulnweb.com/Templatize.asp?item=html/about.html
http://testasp.vulnweb.com/Default.asp
http://testasp.vulnweb.com/Search.asp
http://testasp.vulnweb.com/./Register.asp?RetURL=%2Fshowthread%2Easp%3Fid%3D15
http://www.acunetix.com/
http://testasp.vulnweb.com/./Login.asp?RetURL=%2Fshowthread%2Easp%3Fid%3D15
SQLi ==> http://testphp.vulnweb.com/product.php?pic=%5C
http://testasp.vulnweb.com/./Login.asp?RetURL=%2Fshowthread%2Easp%3Fid%3D11
http://testasp.vulnweb.com/Templatize.asp?item=html/about.html
http://testasp.vulnweb.com/Default.asp
http://testasp.vulnweb.com/Search.asp
http://testasp.vulnweb.com/./Register.asp?RetURL=%2Fshowthread%2Easp%3Fid%3D11
http://www.acunetix.com/
SQLi ==> http://testphp.vulnweb.com/listproducts.php?artist=%2527
SQLi ==> http://testphp.vulnweb.com/listproducts.php?artist=%5C
http://testasp.vulnweb.com/./Login.asp?RetURL=%2Fshowthread%2Easp%3Fid%3D11
http://testasp.vulnweb.com/Templatize.asp?item=html/about.html
http://testasp.vulnweb.com/Default.asp
http://testasp.vulnweb.com/Search.asp
http://testasp.vulnweb.com/./Register.asp?RetURL=%2Fshowthread%2Easp%3Fid%3D11
http://www.acunetix.com/
http://testasp.vulnweb.com/./Login.asp?RetURL=%2Fshowthread%2Easp%3Fid%3D21
http://testasp.vulnweb.com/Templatize.asp?item=html/about.html
http://testasp.vulnweb.com/./Register.asp?RetURL=%2Fshowthread%2Easp%3Fid%3D21
http://testasp.vulnweb.com/Default.asp
http://testasp.vulnweb.com/Search.asp
http://www.acunetix.com/
http://testasp.vulnweb.com/./Login.asp?RetURL=%2Fshowthread%2Easp%3Fid%3D21
http://testasp.vulnweb.com/Templatize.asp?item=html/about.html
http://testasp.vulnweb.com/./Register.asp?RetURL=%2Fshowthread%2Easp%3Fid%3D21
http://testasp.vulnweb.com/Default.asp
http://testasp.vulnweb.com/Search.asp
http://www.acunetix.com/
http://testasp.vulnweb.com/./Login.asp?RetURL=%2Fshowthread%2Easp%3Fid%3D18
http://testasp.vulnweb.com/./Register.asp?RetURL=%2Fshowthread%2Easp%3Fid%3D18
http://testasp.vulnweb.com/Templatize.asp?item=html/about.html
http://testasp.vulnweb.com/Default.asp
http://testasp.vulnweb.com/Search.asp
http://www.acunetix.com/
SQLi ==> http://testphp.vulnweb.com/product.php?pic=/
http://testasp.vulnweb.com/./Login.asp?RetURL=%2Fshowthread%2Easp%3Fid%3D18
http://testasp.vulnweb.com/./Register.asp?RetURL=%2Fshowthread%2Easp%3Fid%3D18
http://testasp.vulnweb.com/Templatize.asp?item=html/about.html
http://testasp.vulnweb.com/Default.asp
http://testasp.vulnweb.com/Search.asp
http://www.acunetix.com/
SQLi ==> http://testphp.vulnweb.com/product.php?pic=/
http://testasp.vulnweb.com/Templatize.asp?item=html/about.html
http://testasp.vulnweb.com/./Register.asp?RetURL=%2Fshowthread%2Easp%3Fid%3D14
http://testasp.vulnweb.com/Default.asp
http://testasp.vulnweb.com/Search.asp
http://www.acunetix.com/
http://testasp.vulnweb.com/./Login.asp?RetURL=%2Fshowthread%2Easp%3Fid%3D14
fuzz http://testasp.vulnweb.com/./Login.asp?RetURL=/showthread.asp?id=23
SQLi ==> http://testphp.vulnweb.com/listproducts.php?artist=%5C
fuzz http://testasp.vulnweb.com/./Register.asp?RetURL=/showthread.asp?id=23
SQLi ==> http://testphp.vulnweb.com/listproducts.php?artist=/
http://testasp.vulnweb.com/Templatize.asp?item=html/about.html
http://testasp.vulnweb.com/./Register.asp?RetURL=%2Fshowthread%2Easp%3Fid%3D14
http://testasp.vulnweb.com/Default.asp
http://testasp.vulnweb.com/Search.asp
http://www.acunetix.com/
http://testasp.vulnweb.com/./Login.asp?RetURL=%2Fshowthread%2Easp%3Fid%3D14
fuzz http://testasp.vulnweb.com/./Login.asp?RetURL=/showthread.asp?id=22
fuzz http://testasp.vulnweb.com/./Register.asp?RetURL=/showthread.asp?id=22
http://testasp.vulnweb.com/./Login.asp?RetURL=%2Fshowthread%2Easp%3Fid%3D19
http://testasp.vulnweb.com/Templatize.asp?item=html/about.html
http://testasp.vulnweb.com/./Register.asp?RetURL=%2Fshowthread%2Easp%3Fid%3D19
http://testasp.vulnweb.com/Default.asp
http://testasp.vulnweb.com/Search.asp
http://www.acunetix.com/
http://testasp.vulnweb.com/./Login.asp?RetURL=%2Fshowthread%2Easp%3Fid%3D19
http://testasp.vulnweb.com/Templatize.asp?item=html/about.html
http://testasp.vulnweb.com/./Register.asp?RetURL=%2Fshowthread%2Easp%3Fid%3D19
http://testasp.vulnweb.com/Default.asp
http://testasp.vulnweb.com/Search.asp
http://www.acunetix.com/
fuzz http://testasp.vulnweb.com/./Register.asp?RetURL=/showthread.asp?id=20
SQLi ==> http://testphp.vulnweb.com/product.php?pic=../../../etc/passwd
fuzz http://testasp.vulnweb.com/./Login.asp?RetURL=/showthread.asp?id=20
http://testasp.vulnweb.com/Templatize.asp?item=html/about.html
http://testasp.vulnweb.com/Default.asp
http://testasp.vulnweb.com/Search.asp
http://testasp.vulnweb.com/./Login.asp?RetURL=%2Fshowthread%2Easp%3Fid%3D23
http://www.acunetix.com/
http://testasp.vulnweb.com/./Register.asp?RetURL=%2Fshowthread%2Easp%3Fid%3D23
SQLi ==> http://testphp.vulnweb.com/product.php?pic=../../../etc/passwd
SQLi ==> http://testphp.vulnweb.com/product.php?pic=../../../etc/passwd
http://testasp.vulnweb.com/Templatize.asp?item=html/about.html
http://testasp.vulnweb.com/Default.asp
http://testasp.vulnweb.com/Search.asp
http://testasp.vulnweb.com/./Login.asp?RetURL=%2Fshowthread%2Easp%3Fid%3D23
http://www.acunetix.com/
http://testasp.vulnweb.com/./Register.asp?RetURL=%2Fshowthread%2Easp%3Fid%3D23
http://testasp.vulnweb.com/./Login.asp?RetURL=%2Fshowthread%2Easp%3Fid%3D22
http://testasp.vulnweb.com/Templatize.asp?item=html/about.html
http://testasp.vulnweb.com/Default.asp
http://testasp.vulnweb.com/./Register.asp?RetURL=%2Fshowthread%2Easp%3Fid%3D22
http://testasp.vulnweb.com/Search.asp
http://www.acunetix.com/
SQLi ==> http://testphp.vulnweb.com/listproducts.php?artist=/
SQLi ==> http://testphp.vulnweb.com/listproducts.php?artist=../../../etc/passwd
http://testasp.vulnweb.com/./Login.asp?RetURL=%2Fshowthread%2Easp%3Fid%3D22
http://testasp.vulnweb.com/Templatize.asp?item=html/about.html
http://testasp.vulnweb.com/Default.asp
http://testasp.vulnweb.com/./Register.asp?RetURL=%2Fshowthread%2Easp%3Fid%3D22
http://testasp.vulnweb.com/Search.asp
http://www.acunetix.com/
http://testasp.vulnweb.com/./Register.asp?RetURL=%2Fshowthread%2Easp%3Fid%3D20
http://testasp.vulnweb.com/Templatize.asp?item=html/about.html
http://testasp.vulnweb.com/./Login.asp?RetURL=%2Fshowthread%2Easp%3Fid%3D20
http://testasp.vulnweb.com/Default.asp
http://testasp.vulnweb.com/Search.asp
http://www.acunetix.com/
http://testasp.vulnweb.com/./Register.asp?RetURL=%2Fshowthread%2Easp%3Fid%3D20
http://testasp.vulnweb.com/Templatize.asp?item=html/about.html
http://testasp.vulnweb.com/./Login.asp?RetURL=%2Fshowthread%2Easp%3Fid%3D20
http://testasp.vulnweb.com/Default.asp
http://testasp.vulnweb.com/Search.asp
http://www.acunetix.com/
SQLi ==> http://testphp.vulnweb.com/listproducts.php?artist=../../../etc/passwd
https://www.acunetix.com/vulnerability-scanner/case-studies/
https://www.acunetix.com/vulnerability-scanner/network-security-scanner/
http://www.acunetix.com/#content
https://online.acunetix.com
https://www.acunetix.com/blog/category/events/
https://www.acunetix.com/vulnerability-scanner/
https://www.acunetix.com/vulnerability-scanner/acunetix-integrations/
https://www.acunetix.com/request-quote/
https://www.acunetix.com/company/
https://www.acunetix.com/vulnerability-scanner/customers/
https://www.acunetix.com/jobs/
http://www.acunetix.com/vulnerability-scanner/customers/
http://www.acunetix.com/vulnerability-scanner/download/
https://www.acunetix.com/vulnerability-scanner/penetration-testing-software/
https://www.acunetix.com/blog/category/web-security-zone/
https://www.acunetix.com/websitesecurity/cross-site-scripting/
https://www.acunetix.com/blog/category/news/
https://www.acunetix.com/webinars/
https://www.acunetix.com/vulnerability-scanner/pen-testing-tools/
https://www.acunetix.com/company/privacy/
https://www.acunetix.com/support/faq/
https://www.acunetix.com/vulnerability-scanner/website-security-scanner/
https://www.acunetix.com/blog/
https://www.acunetix.com/blog/category/releases/
https://www.acunetix.com/vulnerability-scanner/external-vulnerability-scanner/
https://www.acunetix.com/ordering/
https://www.acunetix.com/vulnerability-scanner/acumonitor-technology/
https://www.acunetix.com/company/contact/
https://www.acunetix.com/partners/
https://www.acunetix.com/acunetix-academy/
https://www.acunetix.com/web-vulnerability-scanner/demo/
https://www.acunetix.com/vulnerability-scanner/download/
https://www.acunetix.com/websitesecurity/xss/
https://www.acunetix.com/ordering#resellers
http://www.acunetix.com/vulnerabilities/network/
https://www.acunetix.com/blog/category/docs/
https://www.acunetix.com/vulnerability-scanner/javascript-html5-security/
http://www.linkedin.com/company/acunetix
https://www.acunetix.com/vulnerability-scanner/sql-injection-xss-detection/
https://www.acunetix.com/support/videos/
https://www.acunetix.com/vulnerability-scanner/reviews/
https://www.acunetix.com/websitesecurity/web-services-wp/
https://www.acunetix.com/support/
https://www.acunetix.com/vulnerability-scanner/linux-vulnerability-scanner/
https://www.acunetix.com/websitesecurity/securing-mysql-server-ubuntu-16-04-lts/
https://www.acunetix.com/vulnerability-scanner/wordpress-security-scan/
https://erp.acunetix.com/
https://www.acunetix.com/vulnerability-scanner/windows-vulnerability-scanner/
https://www.acunetix.com/company/terms_conditions/
https://www.acunetix.com/websitesecurity/sql-injection/
https://www.acunetix.com/websitesecurity/directory-traversal/
https://www.acunetix.com/websitesecurity/csrf-attacks/
https://www.acunetix.com/vulnerability-scanner/online-scanner/
https://www.acunetix.com/vulnerability-scanner/low-false-positive/
https://www.acunetix.com/websitesecurity/whitepapers/
https://www.acunetix.com/vulnerability-scanner/vulnerability-management-regulatory-compliance/
http://www.acunetix.com/vulnerabilities/web/
http://www.acunetix.com/vulnerabilities/trojans/
https://www.twitter.com/Acunetix
http://www.acunetix.com/vulnerability-scanner/online-scanner/
https://www.acunetix.com
https://www.acunetix.com/vulnerability-scanner/vulnerability-management-software/
https://www.acunetix.com/blog/articles/tls-security-what-is-tls-ssl-part-1/
https://www.acunetix.com/blog/articles/prevent-sql-injection-vulnerabilities-in-php-applications/
http://www.acunetix.com/web-vulnerability-scanner/demo/
https://www.acunetix.com/vulnerability-scanner/customer_testimonials/
https://www.acunetix.com/vulnerability-scanner/web-application-security/
https://www.facebook.com/Acunetix
https://www.acunetix.com/vulnerability-scanner/acusensor-technology/
https://www.acunetix.com/vulnerability-scanner/case-studies/
https://www.acunetix.com/vulnerability-scanner/network-security-scanner/
http://www.acunetix.com/#content
https://online.acunetix.com
https://www.acunetix.com/blog/category/events/
https://www.acunetix.com/vulnerability-scanner/
https://www.acunetix.com/vulnerability-scanner/acunetix-integrations/
https://www.acunetix.com/request-quote/
https://www.acunetix.com/company/
https://www.acunetix.com/vulnerability-scanner/customers/
https://www.acunetix.com/jobs/
http://www.acunetix.com/vulnerability-scanner/customers/
http://www.acunetix.com/vulnerability-scanner/download/
https://www.acunetix.com/vulnerability-scanner/penetration-testing-software/
https://www.acunetix.com/blog/category/web-security-zone/
https://www.acunetix.com/websitesecurity/cross-site-scripting/
https://www.acunetix.com/blog/category/news/
https://www.acunetix.com/webinars/
https://www.acunetix.com/vulnerability-scanner/pen-testing-tools/
https://www.acunetix.com/company/privacy/
https://www.acunetix.com/support/faq/
https://www.acunetix.com/vulnerability-scanner/website-security-scanner/
https://www.acunetix.com/blog/
https://www.acunetix.com/blog/category/releases/
https://www.acunetix.com/vulnerability-scanner/external-vulnerability-scanner/
https://www.acunetix.com/ordering/
http://www.acunetix.com/company/privacy
https://www.acunetix.com/vulnerability-scanner/acumonitor-technology/
https://www.acunetix.com/company/contact/
https://www.acunetix.com/partners/
https://www.acunetix.com/acunetix-academy/
https://www.acunetix.com/web-vulnerability-scanner/demo/
https://www.acunetix.com/vulnerability-scanner/download/
https://www.acunetix.com/websitesecurity/xss/
https://www.acunetix.com/ordering#resellers
http://www.acunetix.com/vulnerabilities/network/
https://www.acunetix.com/blog/category/docs/
https://www.acunetix.com/vulnerability-scanner/javascript-html5-security/
http://www.linkedin.com/company/acunetix
https://www.acunetix.com/vulnerability-scanner/sql-injection-xss-detection/
https://www.acunetix.com/support/videos/
https://www.acunetix.com/vulnerability-scanner/reviews/
https://www.acunetix.com/websitesecurity/web-services-wp/
https://www.acunetix.com/support/
https://www.acunetix.com/websitesecurity/securing-mysql-server-ubuntu-16-04-lts/
https://www.acunetix.com/vulnerability-scanner/wordpress-security-scan/
https://erp.acunetix.com/
https://www.acunetix.com/company/terms_conditions/
https://www.acunetix.com/websitesecurity/sql-injection/
https://www.acunetix.com/websitesecurity/directory-traversal/
https://www.acunetix.com/websitesecurity/csrf-attacks/
https://www.acunetix.com/vulnerability-scanner/online-scanner/
https://www.acunetix.com/vulnerability-scanner/low-false-positive/
https://www.acunetix.com/websitesecurity/whitepapers/
https://www.acunetix.com/vulnerability-scanner/vulnerability-management-regulatory-compliance/
http://www.acunetix.com/vulnerabilities/web/
http://www.acunetix.com/vulnerabilities/trojans/
https://www.twitter.com/Acunetix
http://www.acunetix.com/vulnerability-scanner/online-scanner/
https://www.acunetix.com
https://www.acunetix.com/vulnerability-scanner/vulnerability-management-software/
https://www.acunetix.com/blog/articles/tls-security-what-is-tls-ssl-part-1/
https://www.acunetix.com/blog/articles/prevent-sql-injection-vulnerabilities-in-php-applications/
https://www.acunetix.com/vulnerability-scanner/customer_testimonials/
https://www.acunetix.com/vulnerability-scanner/web-application-security/
https://www.facebook.com/Acunetix
https://www.acunetix.com/vulnerability-scanner/acusensor-technology/
https://www.acunetix.com/vulnerability-scanner/case-studies/
https://www.acunetix.com/blog/news/acunetix-vulnerability-scanner-on-linux/
https://www.acunetix.com/blog/category/events/
https://www.acunetix.com/vulnerability-scanner/acunetix-integrations/
https://www.acunetix.com/blog/author/tamaranaudi/
https://www.acunetix.com/blog/category/news/
https://www.acunetix.com/blog/category/news/page/3
https://www.acunetix.com/blog/category/releases/
https://www.acunetix.com/support/videos/
https://www.acunetix.com/support/
https://erp.acunetix.com/
https://www.acunetix.com/blog/news/web-app-security-report-2016/
https://www.acunetix.com/websitesecurity/whitepapers/
https://www.acunetix.com/vulnerability-scanner/vulnerability-management-software/
https://www.acunetix.com/blog/news/sans-institute-course-sec460/
https://www.acunetix.com/vulnerability-scanner/customer_testimonials/
https://www.acunetix.com/vulnerability-scanner/penetration-testing-software/
https://www.acunetix.com/vulnerability-scanner/web-application-security/
https://www.facebook.com/Acunetix
https://www.acunetix.com/jobs/
https://www.acunetix.com/blog/category/news/page/2
https://www.acunetix.com/websitesecurity/cross-site-scripting/
https://www.acunetix.com/vulnerability-scanner/pen-testing-tools/
https://www.acunetix.com/support/faq/
https://www.acunetix.com/vulnerability-scanner/acumonitor-technology/
https://www.acunetix.com/partners/
https://www.acunetix.com/acunetix-academy/
https://www.acunetix.com/#content
https://www.acunetix.com/vulnerability-scanner/javascript-html5-security/
https://www.acunetix.com/websitesecurity/preventing-wordpress-hack/
https://www.acunetix.com/blog/news/acunetix-v11-integrates-vulnerability-management/
https://www.acunetix.com/vulnerabilities/network/
https://www.acunetix.com/websitesecurity/csrf-attacks/
https://www.acunetix.com/vulnerability-scanner/low-false-positive/
https://www.acunetix.com/vulnerability-scanner/html5-website-security/
https://www.acunetix.com/vulnerability-scanner/acusensor-technology/
https://www.acunetix.com/blog/news/acunetix-v12-release/
https://www.acunetix.com/blog/articles/drupal-security-top-tips-to-secure-your-drupal-application/
https://www.acunetix.com/vulnerability-scanner/network-security-scanner/
https://www.acunetix.com/vulnerability-scanner/online-web-scan/
https://online.acunetix.com
https://www.acunetix.com/vulnerability-scanner/
https://www.acunetix.com/company/
https://www.acunetix.com/vulnerability-scanner/customers/
https://www.acunetix.com/blog/category/web-security-zone/
https://www.acunetix.com/blog/news/acunetix-announce-sino-european-collaboration-jw-associates/
https://www.acunetix.com/webinars/
https://www.acunetix.com/company/privacy/
https://www.acunetix.com/vulnerability-scanner/website-security-scanner/
https://www.acunetix.com/blog/
https://www.acunetix.com/company/contact/
https://www.acunetix.com/web-vulnerability-scanner/demo/
https://www.acunetix.com/vulnerability-scanner/download/
https://www.acunetix.com/ordering#resellers
https://www.acunetix.com/blog/category/docs/
https://www.acunetix.com/blog/news/nicholas-sciberras-appointed-chief-technical-officer-acunetix/
http://www.linkedin.com/company/acunetix
https://www.acunetix.com/vulnerabilities/trojans/
https://www.acunetix.com/websitesecurity/web-services-wp/
https://www.acunetix.com/blog/articles/joomla-security-measures/
https://www.acunetix.com/company/terms_conditions/
https://www.acunetix.com/websitesecurity/sql-injection/
https://www.acunetix.com/blog/articles/prevent-sql-injection-vulnerabilities-in-php-applications/
https://www.acunetix.com/blog/news/acunetix-announces-chris-martin-new-ceo/
https://www.acunetix.com/request-quote/
https://www.acunetix.com/site-audit/website-audit/
https://www.acunetix.com/blog/news/acunetix-launches-acunetix-user-certification/
https://www.acunetix.com/blog/category/news/page/12
https://www.acunetix.com/vulnerability-scanner/external-vulnerability-scanner/
https://www.acunetix.com/ordering/
https://www.acunetix.com/websitesecurity/web-security/
https://www.acunetix.com/websitesecurity/xss/
https://www.acunetix.com/vulnerabilities/web/
https://www.acunetix.com/vulnerability-scanner/reviews/
https://www.acunetix.com/vulnerability-scanner/sql-injection-xss-detection/
https://www.acunetix.com/websitesecurity/securing-mysql-server-ubuntu-16-04-lts/
https://www.acunetix.com/vulnerability-scanner/wordpress-security-scan/
https://www.acunetix.com/blog/web-security-zone/acunetix-jenkins-plugin/
https://www.acunetix.com/websitesecurity/directory-traversal/
https://www.acunetix.com/blog/news/acunetix-release-web-site-security-pen-testing-tools-free/
https://www.acunetix.com/vulnerability-scanner/online-scanner/
https://www.acunetix.com/vulnerability-scanner/vulnerability-management-regulatory-compliance/
https://www.twitter.com/Acunetix
https://www.acunetix.com
https://www.acunetix.com/blog/articles/tls-security-what-is-tls-ssl-part-1/
https://www.acunetix.com/vulnerability-scanner/case-studies/
https://www.acunetix.com/vulnerability-scanner/online-web-scan/
https://www.acunetix.com/vulnerability-scanner/network-security-scanner/
https://online.acunetix.com
https://www.acunetix.com/blog/category/events/
https://www.acunetix.com/vulnerability-scanner/
https://www.acunetix.com/vulnerability-scanner/acunetix-integrations/
https://www.acunetix.com/request-quote/
https://www.acunetix.com/company/
https://www.acunetix.com/vulnerability-scanner/customers/
https://www.acunetix.com/jobs/
https://www.acunetix.com/vulnerability-scanner/penetration-testing-software/
https://www.acunetix.com/blog/category/web-security-zone/
https://www.acunetix.com/websitesecurity/cross-site-scripting/
https://www.acunetix.com/blog/category/news/
https://www.acunetix.com/webinars/
https://www.acunetix.com/vulnerability-scanner/pen-testing-tools/
https://www.acunetix.com/company/privacy/
https://www.acunetix.com/support/faq/
https://www.acunetix.com/vulnerability-scanner/website-security-scanner/
https://www.acunetix.com/blog/
https://www.acunetix.com/blog/category/releases/
https://www.acunetix.com/vulnerability-scanner/free-manual-pen-testing-tools/
https://www.acunetix.com/ordering/
https://www.acunetix.com/vulnerability-scanner/external-vulnerability-scanner/
https://www.acunetix.com/vulnerability-scanner/acumonitor-technology/
https://www.acunetix.com/company/contact/
https://www.acunetix.com/partners/
https://www.acunetix.com/acunetix-academy/
https://www.acunetix.com/#content
https://www.acunetix.com/vulnerability-scanner/download/
https://www.acunetix.com/web-vulnerability-scanner/demo/
https://www.acunetix.com/ordering#resellers
https://www.acunetix.com/websitesecurity/xss/
https://www.acunetix.com/vulnerabilities/web/
https://www.acunetix.com/blog/category/docs/
https://www.acunetix.com/vulnerability-scanner/javascript-html5-security/
http://www.linkedin.com/company/acunetix
https://www.acunetix.com/vulnerability-scanner/sql-injection-xss-detection/
https://www.acunetix.com/support/videos/
https://www.acunetix.com/vulnerability-scanner/reviews/
https://www.acunetix.com/websitesecurity/web-services-wp/
https://www.acunetix.com/support/
https://www.acunetix.com/vulnerabilities/trojans/
https://www.acunetix.com/websitesecurity/securing-mysql-server-ubuntu-16-04-lts/
https://www.acunetix.com/vulnerability-scanner/wordpress-security-scan/
https://erp.acunetix.com/
https://www.acunetix.com/vulnerabilities/network/
https://www.acunetix.com/company/terms_conditions/
https://www.acunetix.com/websitesecurity/sql-injection/
https://www.acunetix.com/websitesecurity/directory-traversal/
https://www.acunetix.com/websitesecurity/csrf-attacks/
https://www.acunetix.com/vulnerability-scanner/online-scanner/
https://www.acunetix.com/vulnerability-scanner/low-false-positive/
https://www.acunetix.com/websitesecurity/whitepapers/
https://www.acunetix.com/vulnerability-scanner/vulnerability-management-regulatory-compliance/
https://www.twitter.com/Acunetix
https://www.acunetix.com
https://www.acunetix.com/vulnerability-scanner/vulnerability-management-software/
https://www.acunetix.com/blog/articles/tls-security-what-is-tls-ssl-part-1/
https://www.acunetix.com/blog/articles/prevent-sql-injection-vulnerabilities-in-php-applications/
https://www.acunetix.com/blog/docs/http-editor/
https://www.acunetix.com/vulnerability-scanner/customer_testimonials/
https://www.acunetix.com/vulnerability-scanner/web-application-security/
https://www.facebook.com/Acunetix
https://www.acunetix.com/vulnerability-scanner/acusensor-technology/
https://www.acunetix.com/vulnerability-scanner/case-studies/
https://www.acunetix.com/vulnerability-scanner/online-web-scan/
https://www.acunetix.com/vulnerability-scanner/network-security-scanner/
https://online.acunetix.com
https://www.acunetix.com/blog/category/events/
https://www.acunetix.com/vulnerability-scanner/
https://www.acunetix.com/vulnerability-scanner/acunetix-integrations/
https://www.acunetix.com/request-quote/
https://www.acunetix.com/company/
https://www.acunetix.com/vulnerability-scanner/customers/
https://www.acunetix.com/jobs/
https://www.acunetix.com/vulnerability-scanner/penetration-testing-software/
https://www.acunetix.com/blog/category/web-security-zone/
https://www.acunetix.com/websitesecurity/cross-site-scripting/
https://www.acunetix.com/blog/category/news/
https://www.acunetix.com/webinars/
https://www.acunetix.com/vulnerability-scanner/pen-testing-tools/
http://www.acunetix.com/vulnerability-scanner/javascript-html5-security
https://www.acunetix.com/company/privacy/
https://www.acunetix.com/vulnerability-scanner/hipaa-vulnerability-compliance/
https://www.acunetix.com/support/faq/
https://www.acunetix.com/vulnerability-scanner/website-security-scanner/
https://www.acunetix.com/blog/
https://www.acunetix.com/blog/category/releases/
https://www.acunetix.com/vulnerability-scanner/external-vulnerability-scanner/
https://www.acunetix.com/ordering/
https://www.acunetix.com/vulnerability-scanner/pci-dss-vulnerability-scanner/
https://www.acunetix.com/vulnerability-scanner/network-vulnerability-scanner/
https://www.acunetix.com/vulnerability-scanner/acumonitor-technology/
https://www.acunetix.com/company/contact/
https://www.acunetix.com/partners/
https://www.acunetix.com/acunetix-academy/
https://www.acunetix.com/#content
https://www.acunetix.com/vulnerability-scanner/download/
https://www.acunetix.com/web-vulnerability-scanner/demo/
https://www.acunetix.com/ordering#resellers
https://www.acunetix.com/websitesecurity/xss/
https://www.acunetix.com/vulnerabilities/web/
https://www.acunetix.com/blog/category/docs/
https://www.acunetix.com/vulnerability-scanner/javascript-html5-security/
http://www.linkedin.com/company/acunetix
https://www.acunetix.com/vulnerability-scanner/sql-injection-xss-detection/
https://www.acunetix.com/support/videos/
https://www.acunetix.com/vulnerability-scanner/reviews/
https://www.acunetix.com/websitesecurity/web-services-wp/
https://www.acunetix.com/support/
https://www.acunetix.com/vulnerabilities/trojans/
https://www.acunetix.com/blog/articles/issue-tracker-integration-acunetix/
https://www.acunetix.com/websitesecurity/securing-mysql-server-ubuntu-16-04-lts/
https://www.acunetix.com/vulnerability-scanner/wordpress-security-scan/
https://erp.acunetix.com/
https://www.acunetix.com/vulnerabilities/network/
https://www.acunetix.com/company/terms_conditions/
https://www.acunetix.com/websitesecurity/sql-injection/
https://www.acunetix.com/vulnerability-scanner/owasp-top-10-compliance/
https://www.acunetix.com/websitesecurity/directory-traversal/
https://www.acunetix.com/websitesecurity/csrf-attacks/
https://www.acunetix.com/vulnerability-scanner/online-scanner/
https://www.acunetix.com/vulnerability-scanner/low-false-positive/
https://www.acunetix.com/websitesecurity/whitepapers/
https://www.acunetix.com/vulnerability-scanner/vulnerability-management-regulatory-compliance/
https://www.acunetix.com/vulnerability-scanner/black-box-scanner/
https://www.twitter.com/Acunetix