https://www.aligames.com
https://www.1688.com
https://www.alibaba.com
https://www.dayu.com
https://www.shenjing.com
https://www.alios.cn
https://www.alihealth.cn
https://www.mei.com
https://www.umeng.com
https://www.aliqin.cn
https://www.sm.cn
https://www.damai.cn
https://www.alibabapictures.com
https://www.alibabaplanet.com
https://www.alisports.com
https://www.amap.com
https://www.autonavi.com
https://www.shuqireader.com
https://www.shuqi.com
https://www.ucweb.com
https://www.uc.cn
https://www.xiami.com
https://www.soku.com
https://www.tudou.com
https://www.youku.com
https://www.fliggy.com
https://www.cainiao.com
https://www.dingtalk.com
https://www.9apps.com
https://www.etao.com
https://www.alibabagroup.com
https://www.alibaba-inc.com
https://www.alimama.com
https://www.aliyun.com
https://www.tmall.com
https://www.taobao.com
https://www.alicdn.com
https://www.aliexpress.com